<?xml version="1.0" encoding="UTF-8"?>
<coverage generated="1753258049548" clover="3.2.0">
  <project timestamp="1753258049548" name="All files">
    <metrics statements="43" coveredstatements="36" conditionals="85" coveredconditionals="55" methods="22" coveredmethods="15" elements="150" coveredelements="106" complexity="0" loc="43" ncloc="43" packages="3" files="7" classes="7"/>
    <package name="src">
      <metrics statements="1" coveredstatements="1" conditionals="0" coveredconditionals="0" methods="1" coveredmethods="1"/>
      <file name="App.jsx" path="/Users/yuvaanvithlani/dental_website/src/App.jsx">
        <metrics statements="1" coveredstatements="1" conditionals="0" coveredconditionals="0" methods="1" coveredmethods="1"/>
        <line num="6" count="4" type="stmt"/>
      </file>
    </package>
    <package name="src.components">
      <metrics statements="27" coveredstatements="21" conditionals="38" coveredconditionals="32" methods="14" coveredmethods="8"/>
      <file name="Hero.jsx" path="/Users/yuvaanvithlani/dental_website/src/components/Hero.jsx">
        <metrics statements="10" coveredstatements="9" conditionals="26" coveredconditionals="26" methods="4" coveredmethods="3"/>
        <line num="6" count="2" type="stmt"/>
        <line num="7" count="10" type="stmt"/>
        <line num="10" count="10" type="stmt"/>
        <line num="11" count="10" type="stmt"/>
        <line num="12" count="0" type="stmt"/>
        <line num="15" count="10" type="stmt"/>
        <line num="16" count="10" type="stmt"/>
        <line num="17" count="10" type="stmt"/>
        <line num="22" count="10" type="cond" truecount="2" falsecount="0"/>
        <line num="24" count="10" type="stmt"/>
      </file>
      <file name="Navbar.jsx" path="/Users/yuvaanvithlani/dental_website/src/components/Navbar.jsx">
        <metrics statements="17" coveredstatements="12" conditionals="12" coveredconditionals="6" methods="10" coveredmethods="5"/>
        <line num="7" count="1" type="stmt"/>
        <line num="8" count="4" type="stmt"/>
        <line num="9" count="4" type="stmt"/>
        <line num="12" count="4" type="stmt"/>
        <line num="13" count="4" type="stmt"/>
        <line num="14" count="0" type="stmt"/>
        <line num="17" count="4" type="stmt"/>
        <line num="18" count="4" type="stmt"/>
        <line num="19" count="4" type="stmt"/>
        <line num="25" count="4" type="stmt"/>
        <line num="32" count="4" type="stmt"/>
        <line num="75" count="16" type="stmt"/>
        <line num="76" count="16" type="stmt"/>
        <line num="149" count="0" type="stmt"/>
        <line num="170" count="0" type="stmt"/>
        <line num="173" count="0" type="stmt"/>
        <line num="182" count="0" type="stmt"/>
      </file>
    </package>
    <package name="src.ui">
      <metrics statements="15" coveredstatements="14" conditionals="47" coveredconditionals="23" methods="7" coveredmethods="6"/>
      <file name="BookAppointmentBox.jsx" path="/Users/yuvaanvithlani/dental_website/src/ui/BookAppointmentBox.jsx">
        <metrics statements="2" coveredstatements="2" conditionals="11" coveredconditionals="5" methods="1" coveredmethods="1"/>
        <line num="3" count="1" type="cond" truecount="0" falsecount="1"/>
        <line num="4" count="4" type="stmt"/>
      </file>
      <file name="InfoBoxContainer.jsx" path="/Users/yuvaanvithlani/dental_website/src/ui/InfoBoxContainer.jsx">
        <metrics statements="9" coveredstatements="8" conditionals="18" coveredconditionals="10" methods="4" coveredmethods="3"/>
        <line num="6" count="1" type="stmt"/>
        <line num="7" count="4" type="stmt"/>
        <line num="10" count="4" type="stmt"/>
        <line num="11" count="4" type="stmt"/>
        <line num="12" count="0" type="stmt"/>
        <line num="15" count="4" type="stmt"/>
        <line num="16" count="4" type="stmt"/>
        <line num="17" count="4" type="stmt"/>
        <line num="21" count="4" type="stmt"/>
      </file>
      <file name="OpenNowBox.jsx" path="/Users/yuvaanvithlani/dental_website/src/ui/OpenNowBox.jsx">
        <metrics statements="2" coveredstatements="2" conditionals="7" coveredconditionals="3" methods="1" coveredmethods="1"/>
        <line num="3" count="1" type="cond" truecount="0" falsecount="1"/>
        <line num="4" count="4" type="stmt"/>
      </file>
      <file name="WorkingHoursBox.jsx" path="/Users/yuvaanvithlani/dental_website/src/ui/WorkingHoursBox.jsx">
        <metrics statements="2" coveredstatements="2" conditionals="11" coveredconditionals="5" methods="1" coveredmethods="1"/>
        <line num="3" count="1" type="cond" truecount="0" falsecount="1"/>
        <line num="4" count="4" type="stmt"/>
      </file>
    </package>
  </project>
</coverage>
