{"/Users/yuvaanvithlani/dental_website/src/App.jsx": {"path":"/Users/yuvaanvithlani/dental_website/src/App.jsx","statementMap":{"0":{"start":{"line":6,"column":2},"end":{"line":11,"column":3}}},"fnMap":{"0":{"name":"App","decl":{"start":{"line":5,"column":9},"end":{"line":5,"column":12}},"loc":{"start":{"line":5,"column":15},"end":{"line":12,"column":1}},"line":5}},"branchMap":{},"s":{"0":4},"f":{"0":4},"b":{},"_coverageSchema":"1a1c01bbd47fc00a2c39e90264f33305004495a9","hash":"501098e26ea98a9496e8226329585ff62e621257"}
,"/Users/yuvaanvithlani/dental_website/src/components/Hero.jsx": {"path":"/Users/yuvaanvithlani/dental_website/src/components/Hero.jsx","statementMap":{"0":{"start":{"line":6,"column":13},"end":{"line":158,"column":1}},"1":{"start":{"line":7,"column":42},"end":{"line":7,"column":69}},"2":{"start":{"line":10,"column":4},"end":{"line":19,"column":11}},"3":{"start":{"line":11,"column":29},"end":{"line":13,"column":9}},"4":{"start":{"line":12,"column":12},"end":{"line":12,"column":46}},"5":{"start":{"line":15,"column":8},"end":{"line":15,"column":56}},"6":{"start":{"line":16,"column":8},"end":{"line":18,"column":10}},"7":{"start":{"line":17,"column":12},"end":{"line":17,"column":63}},"8":{"start":{"line":22,"column":22},"end":{"line":22,"column":59}},"9":{"start":{"line":24,"column":4},"end":{"line":157,"column":6}}},"fnMap":{"0":{"name":"(anonymous_0)","decl":{"start":{"line":6,"column":13},"end":{"line":6,"column":14}},"loc":{"start":{"line":6,"column":19},"end":{"line":158,"column":1}},"line":6},"1":{"name":"(anonymous_1)","decl":{"start":{"line":10,"column":14},"end":{"line":10,"column":15}},"loc":{"start":{"line":10,"column":20},"end":{"line":19,"column":5}},"line":10},"2":{"name":"(anonymous_2)","decl":{"start":{"line":11,"column":29},"end":{"line":11,"column":30}},"loc":{"start":{"line":11,"column":35},"end":{"line":13,"column":9}},"line":11},"3":{"name":"(anonymous_3)","decl":{"start":{"line":16,"column":15},"end":{"line":16,"column":16}},"loc":{"start":{"line":16,"column":21},"end":{"line":18,"column":9}},"line":16}},"branchMap":{"0":{"loc":{"start":{"line":22,"column":22},"end":{"line":22,"column":59}},"type":"cond-expr","locations":[{"start":{"line":22,"column":42},"end":{"line":22,"column":49}},{"start":{"line":22,"column":52},"end":{"line":22,"column":59}}],"line":22},"1":{"loc":{"start":{"line":26,"column":24},"end":{"line":26,"column":63}},"type":"cond-expr","locations":[{"start":{"line":26,"column":44},"end":{"line":26,"column":52}},{"start":{"line":26,"column":55},"end":{"line":26,"column":63}}],"line":26},"2":{"loc":{"start":{"line":36,"column":28},"end":{"line":36,"column":65}},"type":"cond-expr","locations":[{"start":{"line":36,"column":48},"end":{"line":36,"column":56}},{"start":{"line":36,"column":59},"end":{"line":36,"column":65}}],"line":36},"3":{"loc":{"start":{"line":38,"column":34},"end":{"line":38,"column":69}},"type":"cond-expr","locations":[{"start":{"line":38,"column":54},"end":{"line":38,"column":60}},{"start":{"line":38,"column":63},"end":{"line":38,"column":69}}],"line":38},"4":{"loc":{"start":{"line":43,"column":45},"end":{"line":43,"column":80}},"type":"cond-expr","locations":[{"start":{"line":43,"column":65},"end":{"line":43,"column":71}},{"start":{"line":43,"column":74},"end":{"line":43,"column":80}}],"line":43},"5":{"loc":{"start":{"line":50,"column":35},"end":{"line":50,"column":71}},"type":"cond-expr","locations":[{"start":{"line":50,"column":55},"end":{"line":50,"column":63}},{"start":{"line":50,"column":66},"end":{"line":50,"column":71}}],"line":50},"6":{"loc":{"start":{"line":61,"column":31},"end":{"line":61,"column":60}},"type":"cond-expr","locations":[{"start":{"line":61,"column":51},"end":{"line":61,"column":54}},{"start":{"line":61,"column":57},"end":{"line":61,"column":60}}],"line":61},"7":{"loc":{"start":{"line":78,"column":46},"end":{"line":78,"column":84}},"type":"cond-expr","locations":[{"start":{"line":78,"column":66},"end":{"line":78,"column":75}},{"start":{"line":78,"column":78},"end":{"line":78,"column":84}}],"line":78},"8":{"loc":{"start":{"line":94,"column":46},"end":{"line":94,"column":85}},"type":"cond-expr","locations":[{"start":{"line":94,"column":66},"end":{"line":94,"column":72}},{"start":{"line":94,"column":75},"end":{"line":94,"column":85}}],"line":94},"9":{"loc":{"start":{"line":123,"column":31},"end":{"line":123,"column":60}},"type":"cond-expr","locations":[{"start":{"line":123,"column":51},"end":{"line":123,"column":54}},{"start":{"line":123,"column":57},"end":{"line":123,"column":60}}],"line":123},"10":{"loc":{"start":{"line":126,"column":38},"end":{"line":126,"column":70}},"type":"cond-expr","locations":[{"start":{"line":126,"column":58},"end":{"line":126,"column":64}},{"start":{"line":126,"column":67},"end":{"line":126,"column":70}}],"line":126},"11":{"loc":{"start":{"line":133,"column":39},"end":{"line":133,"column":77}},"type":"cond-expr","locations":[{"start":{"line":133,"column":59},"end":{"line":133,"column":68}},{"start":{"line":133,"column":71},"end":{"line":133,"column":77}}],"line":133},"12":{"loc":{"start":{"line":134,"column":40},"end":{"line":134,"column":79}},"type":"cond-expr","locations":[{"start":{"line":134,"column":60},"end":{"line":134,"column":69}},{"start":{"line":134,"column":72},"end":{"line":134,"column":79}}],"line":134}},"s":{"0":2,"1":10,"2":10,"3":10,"4":0,"5":10,"6":10,"7":10,"8":10,"9":10},"f":{"0":10,"1":10,"2":0,"3":10},"b":{"0":[1,9],"1":[1,9],"2":[1,9],"3":[1,9],"4":[1,9],"5":[1,9],"6":[1,9],"7":[1,9],"8":[1,9],"9":[1,9],"10":[1,9],"11":[1,9],"12":[1,9]},"_coverageSchema":"1a1c01bbd47fc00a2c39e90264f33305004495a9","hash":"eb3a3c0b6b4c60a61e6379efaeb96099b0552c6f"}
,"/Users/yuvaanvithlani/dental_website/src/components/Navbar.jsx": {"path":"/Users/yuvaanvithlani/dental_website/src/components/Navbar.jsx","statementMap":{"0":{"start":{"line":7,"column":15},"end":{"line":195,"column":1}},"1":{"start":{"line":8,"column":30},"end":{"line":8,"column":45}},"2":{"start":{"line":9,"column":40},"end":{"line":9,"column":67}},"3":{"start":{"line":12,"column":2},"end":{"line":21,"column":9}},"4":{"start":{"line":13,"column":25},"end":{"line":15,"column":5}},"5":{"start":{"line":14,"column":6},"end":{"line":14,"column":40}},"6":{"start":{"line":17,"column":4},"end":{"line":17,"column":52}},"7":{"start":{"line":18,"column":4},"end":{"line":20,"column":6}},"8":{"start":{"line":19,"column":6},"end":{"line":19,"column":57}},"9":{"start":{"line":25,"column":19},"end":{"line":30,"column":3}},"10":{"start":{"line":32,"column":2},"end":{"line":194,"column":4}},"11":{"start":{"line":75,"column":39},"end":{"line":75,"column":63}},"12":{"start":{"line":76,"column":16},"end":{"line":112,"column":27}},"13":{"start":{"line":149,"column":31},"end":{"line":149,"column":49}},"14":{"start":{"line":170,"column":18},"end":{"line":177,"column":22}},"15":{"start":{"line":173,"column":35},"end":{"line":173,"column":51}},"16":{"start":{"line":182,"column":35},"end":{"line":182,"column":51}}},"fnMap":{"0":{"name":"(anonymous_0)","decl":{"start":{"line":7,"column":15},"end":{"line":7,"column":16}},"loc":{"start":{"line":7,"column":21},"end":{"line":195,"column":1}},"line":7},"1":{"name":"(anonymous_1)","decl":{"start":{"line":12,"column":12},"end":{"line":12,"column":13}},"loc":{"start":{"line":12,"column":18},"end":{"line":21,"column":3}},"line":12},"2":{"name":"(anonymous_2)","decl":{"start":{"line":13,"column":25},"end":{"line":13,"column":26}},"loc":{"start":{"line":13,"column":31},"end":{"line":15,"column":5}},"line":13},"3":{"name":"(anonymous_3)","decl":{"start":{"line":18,"column":11},"end":{"line":18,"column":12}},"loc":{"start":{"line":18,"column":17},"end":{"line":20,"column":5}},"line":18},"4":{"name":"(anonymous_4)","decl":{"start":{"line":75,"column":31},"end":{"line":75,"column":32}},"loc":{"start":{"line":75,"column":39},"end":{"line":75,"column":63}},"line":75},"5":{"name":"(anonymous_5)","decl":{"start":{"line":75,"column":69},"end":{"line":75,"column":70}},"loc":{"start":{"line":76,"column":16},"end":{"line":112,"column":27}},"line":76},"6":{"name":"(anonymous_6)","decl":{"start":{"line":149,"column":25},"end":{"line":149,"column":26}},"loc":{"start":{"line":149,"column":31},"end":{"line":149,"column":49}},"line":149},"7":{"name":"(anonymous_7)","decl":{"start":{"line":169,"column":30},"end":{"line":169,"column":31}},"loc":{"start":{"line":170,"column":18},"end":{"line":177,"column":22}},"line":170},"8":{"name":"(anonymous_8)","decl":{"start":{"line":173,"column":29},"end":{"line":173,"column":30}},"loc":{"start":{"line":173,"column":35},"end":{"line":173,"column":51}},"line":173},"9":{"name":"(anonymous_9)","decl":{"start":{"line":182,"column":29},"end":{"line":182,"column":30}},"loc":{"start":{"line":182,"column":35},"end":{"line":182,"column":51}},"line":182}},"branchMap":{"0":{"loc":{"start":{"line":45,"column":136},"end":{"line":47,"column":67}},"type":"cond-expr","locations":[{"start":{"line":46,"column":11},"end":{"line":46,"column":43}},{"start":{"line":47,"column":11},"end":{"line":47,"column":66}}],"line":45},"1":{"loc":{"start":{"line":46,"column":11},"end":{"line":46,"column":43}},"type":"cond-expr","locations":[{"start":{"line":46,"column":20},"end":{"line":46,"column":29}},{"start":{"line":46,"column":32},"end":{"line":46,"column":43}}],"line":46},"2":{"loc":{"start":{"line":47,"column":11},"end":{"line":47,"column":66}},"type":"cond-expr","locations":[{"start":{"line":47,"column":20},"end":{"line":47,"column":29}},{"start":{"line":47,"column":32},"end":{"line":47,"column":66}}],"line":47},"3":{"loc":{"start":{"line":62,"column":11},"end":{"line":64,"column":11}},"type":"binary-expr","locations":[{"start":{"line":62,"column":11},"end":{"line":62,"column":18}},{"start":{"line":63,"column":12},"end":{"line":63,"column":55}}],"line":62},"4":{"loc":{"start":{"line":152,"column":17},"end":{"line":152,"column":90}},"type":"cond-expr","locations":[{"start":{"line":152,"column":26},"end":{"line":152,"column":53}},{"start":{"line":152,"column":56},"end":{"line":152,"column":90}}],"line":152},"5":{"loc":{"start":{"line":160,"column":11},"end":{"line":190,"column":11}},"type":"binary-expr","locations":[{"start":{"line":160,"column":11},"end":{"line":160,"column":17}},{"start":{"line":161,"column":12},"end":{"line":189,"column":25}}],"line":160}},"s":{"0":1,"1":4,"2":4,"3":4,"4":4,"5":0,"6":4,"7":4,"8":4,"9":4,"10":4,"11":16,"12":16,"13":0,"14":0,"15":0,"16":0},"f":{"0":4,"1":4,"2":0,"3":4,"4":16,"5":16,"6":0,"7":0,"8":0,"9":0},"b":{"0":[0,4],"1":[0,0],"2":[0,4],"3":[4,4],"4":[0,4],"5":[4,0]},"_coverageSchema":"1a1c01bbd47fc00a2c39e90264f33305004495a9","hash":"d42e0dac352c44c86f087f9be1d94e7702cf3c2b"}
,"/Users/yuvaanvithlani/dental_website/src/ui/BookAppointmentBox.jsx": {"path":"/Users/yuvaanvithlani/dental_website/src/ui/BookAppointmentBox.jsx","statementMap":{"0":{"start":{"line":3,"column":27},"end":{"line":48,"column":1}},"1":{"start":{"line":4,"column":4},"end":{"line":47,"column":6}}},"fnMap":{"0":{"name":"(anonymous_0)","decl":{"start":{"line":3,"column":27},"end":{"line":3,"column":28}},"loc":{"start":{"line":3,"column":61},"end":{"line":48,"column":1}},"line":3}},"branchMap":{"0":{"loc":{"start":{"line":3,"column":43},"end":{"line":3,"column":54}},"type":"default-arg","locations":[{"start":{"line":3,"column":51},"end":{"line":3,"column":54}}],"line":3},"1":{"loc":{"start":{"line":11,"column":30},"end":{"line":11,"column":67}},"type":"cond-expr","locations":[{"start":{"line":11,"column":50},"end":{"line":11,"column":58}},{"start":{"line":11,"column":61},"end":{"line":11,"column":67}}],"line":11},"2":{"loc":{"start":{"line":12,"column":25},"end":{"line":12,"column":65}},"type":"cond-expr","locations":[{"start":{"line":12,"column":45},"end":{"line":12,"column":53}},{"start":{"line":12,"column":56},"end":{"line":12,"column":65}}],"line":12},"3":{"loc":{"start":{"line":18,"column":27},"end":{"line":18,"column":64}},"type":"cond-expr","locations":[{"start":{"line":18,"column":47},"end":{"line":18,"column":54}},{"start":{"line":18,"column":57},"end":{"line":18,"column":64}}],"line":18},"4":{"loc":{"start":{"line":19,"column":22},"end":{"line":19,"column":53}},"type":"cond-expr","locations":[{"start":{"line":19,"column":42},"end":{"line":19,"column":45}},{"start":{"line":19,"column":48},"end":{"line":19,"column":53}}],"line":19},"5":{"loc":{"start":{"line":24,"column":26},"end":{"line":24,"column":66}},"type":"cond-expr","locations":[{"start":{"line":24,"column":46},"end":{"line":24,"column":54}},{"start":{"line":24,"column":57},"end":{"line":24,"column":66}}],"line":24}},"s":{"0":1,"1":4},"f":{"0":4},"b":{"0":[0],"1":[0,4],"2":[0,4],"3":[0,4],"4":[0,4],"5":[0,4]},"_coverageSchema":"1a1c01bbd47fc00a2c39e90264f33305004495a9","hash":"73e9831b4aede5ff186af4ac2d3dd8140b09ee66"}
,"/Users/yuvaanvithlani/dental_website/src/ui/InfoBoxContainer.jsx": {"path":"/Users/yuvaanvithlani/dental_website/src/ui/InfoBoxContainer.jsx","statementMap":{"0":{"start":{"line":6,"column":25},"end":{"line":63,"column":1}},"1":{"start":{"line":7,"column":42},"end":{"line":7,"column":69}},"2":{"start":{"line":10,"column":4},"end":{"line":19,"column":11}},"3":{"start":{"line":11,"column":29},"end":{"line":13,"column":9}},"4":{"start":{"line":12,"column":12},"end":{"line":12,"column":46}},"5":{"start":{"line":15,"column":8},"end":{"line":15,"column":56}},"6":{"start":{"line":16,"column":8},"end":{"line":18,"column":10}},"7":{"start":{"line":17,"column":12},"end":{"line":17,"column":63}},"8":{"start":{"line":21,"column":4},"end":{"line":62,"column":6}}},"fnMap":{"0":{"name":"(anonymous_0)","decl":{"start":{"line":6,"column":25},"end":{"line":6,"column":26}},"loc":{"start":{"line":6,"column":31},"end":{"line":63,"column":1}},"line":6},"1":{"name":"(anonymous_1)","decl":{"start":{"line":10,"column":14},"end":{"line":10,"column":15}},"loc":{"start":{"line":10,"column":20},"end":{"line":19,"column":5}},"line":10},"2":{"name":"(anonymous_2)","decl":{"start":{"line":11,"column":29},"end":{"line":11,"column":30}},"loc":{"start":{"line":11,"column":35},"end":{"line":13,"column":9}},"line":11},"3":{"name":"(anonymous_3)","decl":{"start":{"line":16,"column":15},"end":{"line":16,"column":16}},"loc":{"start":{"line":16,"column":21},"end":{"line":18,"column":9}},"line":16}},"branchMap":{"0":{"loc":{"start":{"line":24,"column":27},"end":{"line":24,"column":63}},"type":"cond-expr","locations":[{"start":{"line":24,"column":47},"end":{"line":24,"column":55}},{"start":{"line":24,"column":58},"end":{"line":24,"column":63}}],"line":24},"1":{"loc":{"start":{"line":25,"column":17},"end":{"line":25,"column":52}},"type":"cond-expr","locations":[{"start":{"line":25,"column":37},"end":{"line":25,"column":43}},{"start":{"line":25,"column":46},"end":{"line":25,"column":52}}],"line":25},"2":{"loc":{"start":{"line":28,"column":22},"end":{"line":28,"column":57}},"type":"cond-expr","locations":[{"start":{"line":28,"column":42},"end":{"line":28,"column":48}},{"start":{"line":28,"column":51},"end":{"line":28,"column":57}}],"line":28},"3":{"loc":{"start":{"line":31,"column":13},"end":{"line":38,"column":13}},"type":"binary-expr","locations":[{"start":{"line":31,"column":13},"end":{"line":31,"column":30}},{"start":{"line":32,"column":16},"end":{"line":37,"column":22}}],"line":31},"4":{"loc":{"start":{"line":45,"column":22},"end":{"line":45,"column":51}},"type":"cond-expr","locations":[{"start":{"line":45,"column":42},"end":{"line":45,"column":45}},{"start":{"line":45,"column":48},"end":{"line":45,"column":51}}],"line":45},"5":{"loc":{"start":{"line":46,"column":26},"end":{"line":46,"column":62}},"type":"cond-expr","locations":[{"start":{"line":46,"column":46},"end":{"line":46,"column":52}},{"start":{"line":46,"column":55},"end":{"line":46,"column":62}}],"line":46},"6":{"loc":{"start":{"line":48,"column":66},"end":{"line":48,"column":95}},"type":"cond-expr","locations":[{"start":{"line":48,"column":86},"end":{"line":48,"column":89}},{"start":{"line":48,"column":92},"end":{"line":48,"column":95}}],"line":48},"7":{"loc":{"start":{"line":49,"column":61},"end":{"line":49,"column":90}},"type":"cond-expr","locations":[{"start":{"line":49,"column":81},"end":{"line":49,"column":84}},{"start":{"line":49,"column":87},"end":{"line":49,"column":90}}],"line":49},"8":{"loc":{"start":{"line":53,"column":13},"end":{"line":60,"column":13}},"type":"binary-expr","locations":[{"start":{"line":53,"column":13},"end":{"line":53,"column":31}},{"start":{"line":54,"column":16},"end":{"line":59,"column":22}}],"line":53}},"s":{"0":1,"1":4,"2":4,"3":4,"4":0,"5":4,"6":4,"7":4,"8":4},"f":{"0":4,"1":4,"2":0,"3":4},"b":{"0":[0,4],"1":[0,4],"2":[0,4],"3":[4,0],"4":[0,4],"5":[0,4],"6":[0,4],"7":[0,4],"8":[4,4]},"_coverageSchema":"1a1c01bbd47fc00a2c39e90264f33305004495a9","hash":"005ced9468bff9a8a370e939c06ed54e4e88de06"}
,"/Users/yuvaanvithlani/dental_website/src/ui/OpenNowBox.jsx": {"path":"/Users/yuvaanvithlani/dental_website/src/ui/OpenNowBox.jsx","statementMap":{"0":{"start":{"line":3,"column":19},"end":{"line":49,"column":1}},"1":{"start":{"line":4,"column":4},"end":{"line":48,"column":6}}},"fnMap":{"0":{"name":"(anonymous_0)","decl":{"start":{"line":3,"column":19},"end":{"line":3,"column":20}},"loc":{"start":{"line":3,"column":53},"end":{"line":49,"column":1}},"line":3}},"branchMap":{"0":{"loc":{"start":{"line":3,"column":35},"end":{"line":3,"column":46}},"type":"default-arg","locations":[{"start":{"line":3,"column":43},"end":{"line":3,"column":46}}],"line":3},"1":{"loc":{"start":{"line":12,"column":25},"end":{"line":12,"column":63}},"type":"cond-expr","locations":[{"start":{"line":12,"column":45},"end":{"line":12,"column":54}},{"start":{"line":12,"column":57},"end":{"line":12,"column":63}}],"line":12},"2":{"loc":{"start":{"line":19,"column":27},"end":{"line":19,"column":62}},"type":"cond-expr","locations":[{"start":{"line":19,"column":47},"end":{"line":19,"column":53}},{"start":{"line":19,"column":56},"end":{"line":19,"column":62}}],"line":19},"3":{"loc":{"start":{"line":41,"column":26},"end":{"line":41,"column":63}},"type":"cond-expr","locations":[{"start":{"line":41,"column":46},"end":{"line":41,"column":54}},{"start":{"line":41,"column":57},"end":{"line":41,"column":63}}],"line":41}},"s":{"0":1,"1":4},"f":{"0":4},"b":{"0":[0],"1":[0,4],"2":[0,4],"3":[0,4]},"_coverageSchema":"1a1c01bbd47fc00a2c39e90264f33305004495a9","hash":"66a7005e0bc1e719076f67ccfa55c54d21cb776e"}
,"/Users/yuvaanvithlani/dental_website/src/ui/WorkingHoursBox.jsx": {"path":"/Users/yuvaanvithlani/dental_website/src/ui/WorkingHoursBox.jsx","statementMap":{"0":{"start":{"line":3,"column":24},"end":{"line":46,"column":1}},"1":{"start":{"line":4,"column":4},"end":{"line":45,"column":6}}},"fnMap":{"0":{"name":"(anonymous_0)","decl":{"start":{"line":3,"column":24},"end":{"line":3,"column":25}},"loc":{"start":{"line":3,"column":58},"end":{"line":46,"column":1}},"line":3}},"branchMap":{"0":{"loc":{"start":{"line":3,"column":40},"end":{"line":3,"column":51}},"type":"default-arg","locations":[{"start":{"line":3,"column":48},"end":{"line":3,"column":51}}],"line":3},"1":{"loc":{"start":{"line":12,"column":25},"end":{"line":12,"column":65}},"type":"cond-expr","locations":[{"start":{"line":12,"column":45},"end":{"line":12,"column":54}},{"start":{"line":12,"column":57},"end":{"line":12,"column":65}}],"line":12},"2":{"loc":{"start":{"line":13,"column":31},"end":{"line":13,"column":71}},"type":"cond-expr","locations":[{"start":{"line":13,"column":51},"end":{"line":13,"column":59}},{"start":{"line":13,"column":62},"end":{"line":13,"column":71}}],"line":13},"3":{"loc":{"start":{"line":16,"column":27},"end":{"line":16,"column":64}},"type":"cond-expr","locations":[{"start":{"line":16,"column":47},"end":{"line":16,"column":54}},{"start":{"line":16,"column":57},"end":{"line":16,"column":64}}],"line":16},"4":{"loc":{"start":{"line":22,"column":26},"end":{"line":22,"column":64}},"type":"cond-expr","locations":[{"start":{"line":22,"column":46},"end":{"line":22,"column":52}},{"start":{"line":22,"column":55},"end":{"line":22,"column":64}}],"line":22},"5":{"loc":{"start":{"line":31,"column":26},"end":{"line":31,"column":66}},"type":"cond-expr","locations":[{"start":{"line":31,"column":46},"end":{"line":31,"column":55}},{"start":{"line":31,"column":58},"end":{"line":31,"column":66}}],"line":31}},"s":{"0":1,"1":4},"f":{"0":4},"b":{"0":[0],"1":[0,4],"2":[0,4],"3":[0,4],"4":[0,4],"5":[0,4]},"_coverageSchema":"1a1c01bbd47fc00a2c39e90264f33305004495a9","hash":"05d97f0888893699603744384624688f3baa3030"}
}
