{"/Users/yuvaanvithlani/dental_website/src/sections/About.jsx": {"path":"/Users/yuvaanvithlani/dental_website/src/sections/About.jsx","statementMap":{"0":{"start":{"line":6,"column":14},"end":{"line":203,"column":1}},"1":{"start":{"line":7,"column":42},"end":{"line":7,"column":69}},"2":{"start":{"line":10,"column":4},"end":{"line":19,"column":11}},"3":{"start":{"line":11,"column":29},"end":{"line":13,"column":9}},"4":{"start":{"line":12,"column":12},"end":{"line":12,"column":46}},"5":{"start":{"line":15,"column":8},"end":{"line":15,"column":56}},"6":{"start":{"line":16,"column":8},"end":{"line":18,"column":10}},"7":{"start":{"line":17,"column":12},"end":{"line":17,"column":63}},"8":{"start":{"line":21,"column":21},"end":{"line":21,"column":38}},"9":{"start":{"line":23,"column":4},"end":{"line":202,"column":6}}},"fnMap":{"0":{"name":"(anonymous_0)","decl":{"start":{"line":6,"column":14},"end":{"line":6,"column":15}},"loc":{"start":{"line":6,"column":20},"end":{"line":203,"column":1}},"line":6},"1":{"name":"(anonymous_1)","decl":{"start":{"line":10,"column":14},"end":{"line":10,"column":15}},"loc":{"start":{"line":10,"column":20},"end":{"line":19,"column":5}},"line":10},"2":{"name":"(anonymous_2)","decl":{"start":{"line":11,"column":29},"end":{"line":11,"column":30}},"loc":{"start":{"line":11,"column":35},"end":{"line":13,"column":9}},"line":11},"3":{"name":"(anonymous_3)","decl":{"start":{"line":16,"column":15},"end":{"line":16,"column":16}},"loc":{"start":{"line":16,"column":21},"end":{"line":18,"column":9}},"line":16}},"branchMap":{"0":{"loc":{"start":{"line":25,"column":24},"end":{"line":25,"column":63}},"type":"cond-expr","locations":[{"start":{"line":25,"column":44},"end":{"line":25,"column":52}},{"start":{"line":25,"column":55},"end":{"line":25,"column":63}}],"line":25},"1":{"loc":{"start":{"line":35,"column":28},"end":{"line":35,"column":65}},"type":"cond-expr","locations":[{"start":{"line":35,"column":48},"end":{"line":35,"column":56}},{"start":{"line":35,"column":59},"end":{"line":35,"column":65}}],"line":35},"2":{"loc":{"start":{"line":37,"column":34},"end":{"line":37,"column":69}},"type":"cond-expr","locations":[{"start":{"line":37,"column":54},"end":{"line":37,"column":60}},{"start":{"line":37,"column":63},"end":{"line":37,"column":69}}],"line":37},"3":{"loc":{"start":{"line":42,"column":45},"end":{"line":42,"column":80}},"type":"cond-expr","locations":[{"start":{"line":42,"column":65},"end":{"line":42,"column":71}},{"start":{"line":42,"column":74},"end":{"line":42,"column":80}}],"line":42},"4":{"loc":{"start":{"line":55,"column":34},"end":{"line":55,"column":71}},"type":"cond-expr","locations":[{"start":{"line":55,"column":54},"end":{"line":55,"column":62}},{"start":{"line":55,"column":65},"end":{"line":55,"column":71}}],"line":55},"5":{"loc":{"start":{"line":69,"column":35},"end":{"line":69,"column":71}},"type":"cond-expr","locations":[{"start":{"line":69,"column":55},"end":{"line":69,"column":63}},{"start":{"line":69,"column":66},"end":{"line":69,"column":71}}],"line":69},"6":{"loc":{"start":{"line":70,"column":36},"end":{"line":70,"column":86}},"type":"cond-expr","locations":[{"start":{"line":70,"column":56},"end":{"line":70,"column":68}},{"start":{"line":70,"column":71},"end":{"line":70,"column":86}}],"line":70},"7":{"loc":{"start":{"line":71,"column":25},"end":{"line":71,"column":57}},"type":"cond-expr","locations":[{"start":{"line":71,"column":45},"end":{"line":71,"column":51}},{"start":{"line":71,"column":54},"end":{"line":71,"column":57}}],"line":71},"8":{"loc":{"start":{"line":76,"column":30},"end":{"line":76,"column":65}},"type":"cond-expr","locations":[{"start":{"line":76,"column":50},"end":{"line":76,"column":53}},{"start":{"line":76,"column":56},"end":{"line":76,"column":65}}],"line":76},"9":{"loc":{"start":{"line":77,"column":34},"end":{"line":77,"column":68}},"type":"cond-expr","locations":[{"start":{"line":77,"column":54},"end":{"line":77,"column":60}},{"start":{"line":77,"column":63},"end":{"line":77,"column":68}}],"line":77},"10":{"loc":{"start":{"line":84,"column":42},"end":{"line":84,"column":81}},"type":"cond-expr","locations":[{"start":{"line":84,"column":62},"end":{"line":84,"column":68}},{"start":{"line":84,"column":71},"end":{"line":84,"column":81}}],"line":84},"11":{"loc":{"start":{"line":100,"column":42},"end":{"line":100,"column":81}},"type":"cond-expr","locations":[{"start":{"line":100,"column":62},"end":{"line":100,"column":68}},{"start":{"line":100,"column":71},"end":{"line":100,"column":81}}],"line":100},"12":{"loc":{"start":{"line":114,"column":30},"end":{"line":114,"column":65}},"type":"cond-expr","locations":[{"start":{"line":114,"column":50},"end":{"line":114,"column":53}},{"start":{"line":114,"column":56},"end":{"line":114,"column":65}}],"line":114},"13":{"loc":{"start":{"line":115,"column":34},"end":{"line":115,"column":68}},"type":"cond-expr","locations":[{"start":{"line":115,"column":54},"end":{"line":115,"column":60}},{"start":{"line":115,"column":63},"end":{"line":115,"column":68}}],"line":115},"14":{"loc":{"start":{"line":122,"column":42},"end":{"line":122,"column":81}},"type":"cond-expr","locations":[{"start":{"line":122,"column":62},"end":{"line":122,"column":68}},{"start":{"line":122,"column":71},"end":{"line":122,"column":81}}],"line":122},"15":{"loc":{"start":{"line":139,"column":32},"end":{"line":139,"column":59}},"type":"cond-expr","locations":[{"start":{"line":139,"column":43},"end":{"line":139,"column":53}},{"start":{"line":139,"column":56},"end":{"line":139,"column":59}}],"line":139},"16":{"loc":{"start":{"line":140,"column":33},"end":{"line":140,"column":60}},"type":"cond-expr","locations":[{"start":{"line":140,"column":44},"end":{"line":140,"column":54}},{"start":{"line":140,"column":57},"end":{"line":140,"column":60}}],"line":140},"17":{"loc":{"start":{"line":141,"column":33},"end":{"line":141,"column":59}},"type":"cond-expr","locations":[{"start":{"line":141,"column":44},"end":{"line":141,"column":53}},{"start":{"line":141,"column":56},"end":{"line":141,"column":59}}],"line":141},"18":{"loc":{"start":{"line":142,"column":34},"end":{"line":142,"column":60}},"type":"cond-expr","locations":[{"start":{"line":142,"column":45},"end":{"line":142,"column":54}},{"start":{"line":142,"column":57},"end":{"line":142,"column":60}}],"line":142},"19":{"loc":{"start":{"line":147,"column":34},"end":{"line":147,"column":62}},"type":"cond-expr","locations":[{"start":{"line":147,"column":45},"end":{"line":147,"column":53}},{"start":{"line":147,"column":56},"end":{"line":147,"column":62}}],"line":147},"20":{"loc":{"start":{"line":148,"column":35},"end":{"line":148,"column":64}},"type":"cond-expr","locations":[{"start":{"line":148,"column":46},"end":{"line":148,"column":52}},{"start":{"line":148,"column":55},"end":{"line":148,"column":64}}],"line":148},"21":{"loc":{"start":{"line":149,"column":29},"end":{"line":149,"column":57}},"type":"cond-expr","locations":[{"start":{"line":149,"column":40},"end":{"line":149,"column":46}},{"start":{"line":149,"column":49},"end":{"line":149,"column":57}}],"line":149},"22":{"loc":{"start":{"line":150,"column":40},"end":{"line":150,"column":81}},"type":"cond-expr","locations":[{"start":{"line":150,"column":51},"end":{"line":150,"column":63}},{"start":{"line":150,"column":66},"end":{"line":150,"column":81}}],"line":150},"23":{"loc":{"start":{"line":151,"column":40},"end":{"line":151,"column":73}},"type":"cond-expr","locations":[{"start":{"line":151,"column":51},"end":{"line":151,"column":64}},{"start":{"line":151,"column":67},"end":{"line":151,"column":73}}],"line":151},"24":{"loc":{"start":{"line":154,"column":39},"end":{"line":154,"column":64}},"type":"cond-expr","locations":[{"start":{"line":154,"column":50},"end":{"line":154,"column":58}},{"start":{"line":154,"column":61},"end":{"line":154,"column":64}}],"line":154},"25":{"loc":{"start":{"line":155,"column":38},"end":{"line":155,"column":64}},"type":"cond-expr","locations":[{"start":{"line":155,"column":49},"end":{"line":155,"column":58}},{"start":{"line":155,"column":61},"end":{"line":155,"column":64}}],"line":155}},"s":{"0":1,"1":7,"2":7,"3":7,"4":0,"5":7,"6":7,"7":7,"8":7,"9":7},"f":{"0":7,"1":7,"2":0,"3":7},"b":{"0":[1,6],"1":[1,6],"2":[1,6],"3":[1,6],"4":[1,6],"5":[1,6],"6":[1,6],"7":[1,6],"8":[1,6],"9":[1,6],"10":[1,6],"11":[1,6],"12":[1,6],"13":[1,6],"14":[1,6],"15":[1,6],"16":[1,6],"17":[1,6],"18":[1,6],"19":[1,6],"20":[1,6],"21":[1,6],"22":[1,6],"23":[1,6],"24":[1,6],"25":[1,6]},"_coverageSchema":"1a1c01bbd47fc00a2c39e90264f33305004495a9","hash":"e6f0c978b9f79de44e2d2850377354073f377671"}
,"/Users/yuvaanvithlani/dental_website/src/sections/Hero.jsx": {"path":"/Users/yuvaanvithlani/dental_website/src/sections/Hero.jsx","statementMap":{"0":{"start":{"line":6,"column":13},"end":{"line":180,"column":1}},"1":{"start":{"line":7,"column":42},"end":{"line":7,"column":69}},"2":{"start":{"line":10,"column":4},"end":{"line":19,"column":11}},"3":{"start":{"line":11,"column":29},"end":{"line":13,"column":9}},"4":{"start":{"line":12,"column":12},"end":{"line":12,"column":46}},"5":{"start":{"line":15,"column":8},"end":{"line":15,"column":56}},"6":{"start":{"line":16,"column":8},"end":{"line":18,"column":10}},"7":{"start":{"line":17,"column":12},"end":{"line":17,"column":63}},"8":{"start":{"line":22,"column":23},"end":{"line":22,"column":59}},"9":{"start":{"line":23,"column":24},"end":{"line":23,"column":61}},"10":{"start":{"line":25,"column":4},"end":{"line":179,"column":6}}},"fnMap":{"0":{"name":"(anonymous_0)","decl":{"start":{"line":6,"column":13},"end":{"line":6,"column":14}},"loc":{"start":{"line":6,"column":19},"end":{"line":180,"column":1}},"line":6},"1":{"name":"(anonymous_1)","decl":{"start":{"line":10,"column":14},"end":{"line":10,"column":15}},"loc":{"start":{"line":10,"column":20},"end":{"line":19,"column":5}},"line":10},"2":{"name":"(anonymous_2)","decl":{"start":{"line":11,"column":29},"end":{"line":11,"column":30}},"loc":{"start":{"line":11,"column":35},"end":{"line":13,"column":9}},"line":11},"3":{"name":"(anonymous_3)","decl":{"start":{"line":16,"column":15},"end":{"line":16,"column":16}},"loc":{"start":{"line":16,"column":21},"end":{"line":18,"column":9}},"line":16}},"branchMap":{"0":{"loc":{"start":{"line":22,"column":23},"end":{"line":22,"column":59}},"type":"cond-expr","locations":[{"start":{"line":22,"column":43},"end":{"line":22,"column":50}},{"start":{"line":22,"column":53},"end":{"line":22,"column":59}}],"line":22},"1":{"loc":{"start":{"line":23,"column":24},"end":{"line":23,"column":61}},"type":"cond-expr","locations":[{"start":{"line":23,"column":44},"end":{"line":23,"column":51}},{"start":{"line":23,"column":54},"end":{"line":23,"column":61}}],"line":23},"2":{"loc":{"start":{"line":27,"column":24},"end":{"line":27,"column":63}},"type":"cond-expr","locations":[{"start":{"line":27,"column":44},"end":{"line":27,"column":52}},{"start":{"line":27,"column":55},"end":{"line":27,"column":63}}],"line":27},"3":{"loc":{"start":{"line":28,"column":27},"end":{"line":28,"column":59}},"type":"cond-expr","locations":[{"start":{"line":28,"column":47},"end":{"line":28,"column":53}},{"start":{"line":28,"column":56},"end":{"line":28,"column":59}}],"line":28},"4":{"loc":{"start":{"line":31,"column":23},"end":{"line":31,"column":74}},"type":"cond-expr","locations":[{"start":{"line":31,"column":43},"end":{"line":31,"column":65}},{"start":{"line":31,"column":68},"end":{"line":31,"column":74}}],"line":31},"5":{"loc":{"start":{"line":39,"column":28},"end":{"line":39,"column":65}},"type":"cond-expr","locations":[{"start":{"line":39,"column":48},"end":{"line":39,"column":56}},{"start":{"line":39,"column":59},"end":{"line":39,"column":65}}],"line":39},"6":{"loc":{"start":{"line":41,"column":34},"end":{"line":41,"column":69}},"type":"cond-expr","locations":[{"start":{"line":41,"column":54},"end":{"line":41,"column":60}},{"start":{"line":41,"column":63},"end":{"line":41,"column":69}}],"line":41},"7":{"loc":{"start":{"line":42,"column":29},"end":{"line":42,"column":69}},"type":"cond-expr","locations":[{"start":{"line":42,"column":49},"end":{"line":42,"column":57}},{"start":{"line":42,"column":60},"end":{"line":42,"column":69}}],"line":42},"8":{"loc":{"start":{"line":43,"column":35},"end":{"line":43,"column":73}},"type":"cond-expr","locations":[{"start":{"line":43,"column":55},"end":{"line":43,"column":61}},{"start":{"line":43,"column":64},"end":{"line":43,"column":73}}],"line":43},"9":{"loc":{"start":{"line":47,"column":45},"end":{"line":47,"column":80}},"type":"cond-expr","locations":[{"start":{"line":47,"column":65},"end":{"line":47,"column":71}},{"start":{"line":47,"column":74},"end":{"line":47,"column":80}}],"line":47},"10":{"loc":{"start":{"line":50,"column":31},"end":{"line":50,"column":67}},"type":"cond-expr","locations":[{"start":{"line":50,"column":51},"end":{"line":50,"column":58}},{"start":{"line":50,"column":61},"end":{"line":50,"column":67}}],"line":50},"11":{"loc":{"start":{"line":55,"column":35},"end":{"line":55,"column":71}},"type":"cond-expr","locations":[{"start":{"line":55,"column":55},"end":{"line":55,"column":63}},{"start":{"line":55,"column":66},"end":{"line":55,"column":71}}],"line":55},"12":{"loc":{"start":{"line":61,"column":30},"end":{"line":61,"column":62}},"type":"cond-expr","locations":[{"start":{"line":61,"column":50},"end":{"line":61,"column":56}},{"start":{"line":61,"column":59},"end":{"line":61,"column":62}}],"line":61},"13":{"loc":{"start":{"line":64,"column":40},"end":{"line":64,"column":90}},"type":"cond-expr","locations":[{"start":{"line":64,"column":60},"end":{"line":64,"column":72}},{"start":{"line":64,"column":75},"end":{"line":64,"column":90}}],"line":64},"14":{"loc":{"start":{"line":66,"column":31},"end":{"line":66,"column":60}},"type":"cond-expr","locations":[{"start":{"line":66,"column":51},"end":{"line":66,"column":54}},{"start":{"line":66,"column":57},"end":{"line":66,"column":60}}],"line":66},"15":{"loc":{"start":{"line":69,"column":38},"end":{"line":69,"column":70}},"type":"cond-expr","locations":[{"start":{"line":69,"column":58},"end":{"line":69,"column":64}},{"start":{"line":69,"column":67},"end":{"line":69,"column":70}}],"line":69},"16":{"loc":{"start":{"line":83,"column":46},"end":{"line":83,"column":84}},"type":"cond-expr","locations":[{"start":{"line":83,"column":66},"end":{"line":83,"column":75}},{"start":{"line":83,"column":78},"end":{"line":83,"column":84}}],"line":83},"17":{"loc":{"start":{"line":99,"column":46},"end":{"line":99,"column":85}},"type":"cond-expr","locations":[{"start":{"line":99,"column":66},"end":{"line":99,"column":72}},{"start":{"line":99,"column":75},"end":{"line":99,"column":85}}],"line":99},"18":{"loc":{"start":{"line":111,"column":25},"end":{"line":121,"column":25}},"type":"binary-expr","locations":[{"start":{"line":111,"column":25},"end":{"line":111,"column":43}},{"start":{"line":112,"column":28},"end":{"line":120,"column":34}}],"line":111},"19":{"loc":{"start":{"line":130,"column":31},"end":{"line":130,"column":60}},"type":"cond-expr","locations":[{"start":{"line":130,"column":51},"end":{"line":130,"column":54}},{"start":{"line":130,"column":57},"end":{"line":130,"column":60}}],"line":130},"20":{"loc":{"start":{"line":133,"column":38},"end":{"line":133,"column":71}},"type":"cond-expr","locations":[{"start":{"line":133,"column":58},"end":{"line":133,"column":65}},{"start":{"line":133,"column":68},"end":{"line":133,"column":71}}],"line":133},"21":{"loc":{"start":{"line":164,"column":17},"end":{"line":176,"column":17}},"type":"binary-expr","locations":[{"start":{"line":164,"column":17},"end":{"line":164,"column":34}},{"start":{"line":165,"column":20},"end":{"line":175,"column":26}}],"line":164}},"s":{"0":1,"1":6,"2":6,"3":6,"4":0,"5":6,"6":6,"7":6,"8":6,"9":6,"10":6},"f":{"0":6,"1":6,"2":0,"3":6},"b":{"0":[1,5],"1":[1,5],"2":[1,5],"3":[1,5],"4":[1,5],"5":[1,5],"6":[1,5],"7":[1,5],"8":[1,5],"9":[1,5],"10":[1,5],"11":[1,5],"12":[1,5],"13":[1,5],"14":[1,5],"15":[1,5],"16":[1,5],"17":[1,5],"18":[6,5],"19":[1,5],"20":[1,5],"21":[6,1]},"_coverageSchema":"1a1c01bbd47fc00a2c39e90264f33305004495a9","hash":"22f06104487672b1c4ed9658d133946d4ca84e59"}
,"/Users/yuvaanvithlani/dental_website/src/sections/Testimonials.jsx": {"path":"/Users/yuvaanvithlani/dental_website/src/sections/Testimonials.jsx","statementMap":{"0":{"start":{"line":6,"column":21},"end":{"line":289,"column":1}},"1":{"start":{"line":7,"column":42},"end":{"line":7,"column":69}},"2":{"start":{"line":8,"column":38},"end":{"line":8,"column":53}},"3":{"start":{"line":10,"column":4},"end":{"line":19,"column":11}},"4":{"start":{"line":11,"column":29},"end":{"line":13,"column":9}},"5":{"start":{"line":12,"column":12},"end":{"line":12,"column":46}},"6":{"start":{"line":15,"column":8},"end":{"line":15,"column":56}},"7":{"start":{"line":16,"column":8},"end":{"line":18,"column":10}},"8":{"start":{"line":17,"column":12},"end":{"line":17,"column":63}},"9":{"start":{"line":21,"column":21},"end":{"line":21,"column":38}},"10":{"start":{"line":24,"column":25},"end":{"line":72,"column":5}},"11":{"start":{"line":74,"column":4},"end":{"line":288,"column":6}},"12":{"start":{"line":197,"column":48},"end":{"line":197,"column":66}},"13":{"start":{"line":198,"column":48},"end":{"line":198,"column":67}},"14":{"start":{"line":199,"column":43},"end":{"line":199,"column":631}},"15":{"start":{"line":259,"column":28},"end":{"line":268,"column":30}}},"fnMap":{"0":{"name":"(anonymous_0)","decl":{"start":{"line":6,"column":21},"end":{"line":6,"column":22}},"loc":{"start":{"line":6,"column":27},"end":{"line":289,"column":1}},"line":6},"1":{"name":"(anonymous_1)","decl":{"start":{"line":10,"column":14},"end":{"line":10,"column":15}},"loc":{"start":{"line":10,"column":20},"end":{"line":19,"column":5}},"line":10},"2":{"name":"(anonymous_2)","decl":{"start":{"line":11,"column":29},"end":{"line":11,"column":30}},"loc":{"start":{"line":11,"column":35},"end":{"line":13,"column":9}},"line":11},"3":{"name":"(anonymous_3)","decl":{"start":{"line":16,"column":15},"end":{"line":16,"column":16}},"loc":{"start":{"line":16,"column":21},"end":{"line":18,"column":9}},"line":16},"4":{"name":"(anonymous_4)","decl":{"start":{"line":197,"column":42},"end":{"line":197,"column":43}},"loc":{"start":{"line":197,"column":48},"end":{"line":197,"column":66}},"line":197},"5":{"name":"(anonymous_5)","decl":{"start":{"line":198,"column":42},"end":{"line":198,"column":43}},"loc":{"start":{"line":198,"column":48},"end":{"line":198,"column":67}},"line":198},"6":{"name":"(anonymous_6)","decl":{"start":{"line":199,"column":37},"end":{"line":199,"column":38}},"loc":{"start":{"line":199,"column":43},"end":{"line":199,"column":631}},"line":199},"7":{"name":"(anonymous_7)","decl":{"start":{"line":258,"column":42},"end":{"line":258,"column":43}},"loc":{"start":{"line":259,"column":28},"end":{"line":268,"column":30}},"line":259}},"branchMap":{"0":{"loc":{"start":{"line":76,"column":24},"end":{"line":76,"column":63}},"type":"cond-expr","locations":[{"start":{"line":76,"column":44},"end":{"line":76,"column":52}},{"start":{"line":76,"column":55},"end":{"line":76,"column":63}}],"line":76},"1":{"loc":{"start":{"line":86,"column":28},"end":{"line":86,"column":65}},"type":"cond-expr","locations":[{"start":{"line":86,"column":48},"end":{"line":86,"column":56}},{"start":{"line":86,"column":59},"end":{"line":86,"column":65}}],"line":86},"2":{"loc":{"start":{"line":88,"column":34},"end":{"line":88,"column":69}},"type":"cond-expr","locations":[{"start":{"line":88,"column":54},"end":{"line":88,"column":60}},{"start":{"line":88,"column":63},"end":{"line":88,"column":69}}],"line":88},"3":{"loc":{"start":{"line":93,"column":45},"end":{"line":93,"column":80}},"type":"cond-expr","locations":[{"start":{"line":93,"column":65},"end":{"line":93,"column":71}},{"start":{"line":93,"column":74},"end":{"line":93,"column":80}}],"line":93},"4":{"loc":{"start":{"line":113,"column":29},"end":{"line":113,"column":66}},"type":"cond-expr","locations":[{"start":{"line":113,"column":49},"end":{"line":113,"column":55}},{"start":{"line":113,"column":58},"end":{"line":113,"column":66}}],"line":113},"5":{"loc":{"start":{"line":114,"column":30},"end":{"line":114,"column":65}},"type":"cond-expr","locations":[{"start":{"line":114,"column":50},"end":{"line":114,"column":56}},{"start":{"line":114,"column":59},"end":{"line":114,"column":65}}],"line":114},"6":{"loc":{"start":{"line":120,"column":34},"end":{"line":120,"column":71}},"type":"cond-expr","locations":[{"start":{"line":120,"column":54},"end":{"line":120,"column":62}},{"start":{"line":120,"column":65},"end":{"line":120,"column":71}}],"line":120},"7":{"loc":{"start":{"line":131,"column":35},"end":{"line":131,"column":62}},"type":"cond-expr","locations":[{"start":{"line":131,"column":46},"end":{"line":131,"column":54}},{"start":{"line":131,"column":57},"end":{"line":131,"column":62}}],"line":131},"8":{"loc":{"start":{"line":132,"column":32},"end":{"line":132,"column":70}},"type":"cond-expr","locations":[{"start":{"line":132,"column":43},"end":{"line":132,"column":55}},{"start":{"line":132,"column":58},"end":{"line":132,"column":70}}],"line":132},"9":{"loc":{"start":{"line":133,"column":25},"end":{"line":133,"column":52}},"type":"cond-expr","locations":[{"start":{"line":133,"column":36},"end":{"line":133,"column":42}},{"start":{"line":133,"column":45},"end":{"line":133,"column":52}}],"line":133},"10":{"loc":{"start":{"line":134,"column":31},"end":{"line":134,"column":57}},"type":"cond-expr","locations":[{"start":{"line":134,"column":42},"end":{"line":134,"column":48}},{"start":{"line":134,"column":51},"end":{"line":134,"column":57}}],"line":134},"11":{"loc":{"start":{"line":142,"column":38},"end":{"line":142,"column":73}},"type":"cond-expr","locations":[{"start":{"line":142,"column":58},"end":{"line":142,"column":64}},{"start":{"line":142,"column":67},"end":{"line":142,"column":73}}],"line":142},"12":{"loc":{"start":{"line":148,"column":34},"end":{"line":148,"column":60}},"type":"cond-expr","locations":[{"start":{"line":148,"column":45},"end":{"line":148,"column":48}},{"start":{"line":148,"column":51},"end":{"line":148,"column":60}}],"line":148},"13":{"loc":{"start":{"line":149,"column":38},"end":{"line":149,"column":63}},"type":"cond-expr","locations":[{"start":{"line":149,"column":49},"end":{"line":149,"column":55}},{"start":{"line":149,"column":58},"end":{"line":149,"column":63}}],"line":149},"14":{"loc":{"start":{"line":157,"column":30},"end":{"line":157,"column":50}},"type":"cond-expr","locations":[{"start":{"line":157,"column":41},"end":{"line":157,"column":44}},{"start":{"line":157,"column":47},"end":{"line":157,"column":50}}],"line":157},"15":{"loc":{"start":{"line":167,"column":42},"end":{"line":167,"column":82}},"type":"cond-expr","locations":[{"start":{"line":167,"column":62},"end":{"line":167,"column":70}},{"start":{"line":167,"column":73},"end":{"line":167,"column":82}}],"line":167},"16":{"loc":{"start":{"line":182,"column":42},"end":{"line":182,"column":81}},"type":"cond-expr","locations":[{"start":{"line":182,"column":62},"end":{"line":182,"column":68}},{"start":{"line":182,"column":71},"end":{"line":182,"column":81}}],"line":182},"17":{"loc":{"start":{"line":205,"column":42},"end":{"line":205,"column":70}},"type":"cond-expr","locations":[{"start":{"line":205,"column":53},"end":{"line":205,"column":59}},{"start":{"line":205,"column":62},"end":{"line":205,"column":70}}],"line":205},"18":{"loc":{"start":{"line":214,"column":43},"end":{"line":214,"column":81}},"type":"cond-expr","locations":[{"start":{"line":214,"column":55},"end":{"line":214,"column":68}},{"start":{"line":214,"column":71},"end":{"line":214,"column":81}}],"line":214},"19":{"loc":{"start":{"line":238,"column":32},"end":{"line":238,"column":59}},"type":"cond-expr","locations":[{"start":{"line":238,"column":43},"end":{"line":238,"column":53}},{"start":{"line":238,"column":56},"end":{"line":238,"column":59}}],"line":238},"20":{"loc":{"start":{"line":239,"column":33},"end":{"line":239,"column":60}},"type":"cond-expr","locations":[{"start":{"line":239,"column":44},"end":{"line":239,"column":54}},{"start":{"line":239,"column":57},"end":{"line":239,"column":60}}],"line":239},"21":{"loc":{"start":{"line":240,"column":33},"end":{"line":240,"column":59}},"type":"cond-expr","locations":[{"start":{"line":240,"column":44},"end":{"line":240,"column":53}},{"start":{"line":240,"column":56},"end":{"line":240,"column":59}}],"line":240},"22":{"loc":{"start":{"line":241,"column":34},"end":{"line":241,"column":60}},"type":"cond-expr","locations":[{"start":{"line":241,"column":45},"end":{"line":241,"column":54}},{"start":{"line":241,"column":57},"end":{"line":241,"column":60}}],"line":241},"23":{"loc":{"start":{"line":248,"column":29},"end":{"line":248,"column":57}},"type":"cond-expr","locations":[{"start":{"line":248,"column":40},"end":{"line":248,"column":46}},{"start":{"line":248,"column":49},"end":{"line":248,"column":57}}],"line":248},"24":{"loc":{"start":{"line":254,"column":38},"end":{"line":254,"column":64}},"type":"cond-expr","locations":[{"start":{"line":254,"column":49},"end":{"line":254,"column":58}},{"start":{"line":254,"column":61},"end":{"line":254,"column":64}}],"line":254}},"s":{"0":1,"1":13,"2":12,"3":12,"4":0,"5":0,"6":0,"7":0,"8":0,"9":12,"10":12,"11":12,"12":0,"13":0,"14":0,"15":72},"f":{"0":13,"1":0,"2":0,"3":0,"4":0,"5":0,"6":0,"7":72},"b":{"0":[0,12],"1":[0,12],"2":[0,12],"3":[0,12],"4":[0,12],"5":[0,12],"6":[0,12],"7":[0,12],"8":[0,12],"9":[0,12],"10":[0,12],"11":[0,12],"12":[0,12],"13":[0,12],"14":[0,12],"15":[0,12],"16":[0,12],"17":[0,12],"18":[0,12],"19":[0,12],"20":[0,12],"21":[0,12],"22":[0,12],"23":[0,12],"24":[0,12]},"_coverageSchema":"1a1c01bbd47fc00a2c39e90264f33305004495a9","hash":"3f1553226614a8386c67d7aefaba9698ba578981"}
,"/Users/yuvaanvithlani/dental_website/src/ui/AboutCard.jsx": {"path":"/Users/yuvaanvithlani/dental_website/src/ui/AboutCard.jsx","statementMap":{"0":{"start":{"line":3,"column":18},"end":{"line":72,"column":1}},"1":{"start":{"line":4,"column":21},"end":{"line":4,"column":38}},"2":{"start":{"line":6,"column":4},"end":{"line":71,"column":6}}},"fnMap":{"0":{"name":"(anonymous_0)","decl":{"start":{"line":3,"column":18},"end":{"line":3,"column":19}},"loc":{"start":{"line":3,"column":72},"end":{"line":72,"column":1}},"line":3}},"branchMap":{"0":{"loc":{"start":{"line":3,"column":54},"end":{"line":3,"column":65}},"type":"default-arg","locations":[{"start":{"line":3,"column":62},"end":{"line":3,"column":65}}],"line":3},"1":{"loc":{"start":{"line":29,"column":23},"end":{"line":29,"column":50}},"type":"cond-expr","locations":[{"start":{"line":29,"column":34},"end":{"line":29,"column":41}},{"start":{"line":29,"column":44},"end":{"line":29,"column":50}}],"line":29},"2":{"loc":{"start":{"line":30,"column":26},"end":{"line":30,"column":54}},"type":"cond-expr","locations":[{"start":{"line":30,"column":37},"end":{"line":30,"column":44}},{"start":{"line":30,"column":47},"end":{"line":30,"column":54}}],"line":30},"3":{"loc":{"start":{"line":31,"column":26},"end":{"line":31,"column":53}},"type":"cond-expr","locations":[{"start":{"line":31,"column":37},"end":{"line":31,"column":44}},{"start":{"line":31,"column":47},"end":{"line":31,"column":53}}],"line":31},"4":{"loc":{"start":{"line":32,"column":27},"end":{"line":32,"column":55}},"type":"cond-expr","locations":[{"start":{"line":32,"column":38},"end":{"line":32,"column":45}},{"start":{"line":32,"column":48},"end":{"line":32,"column":55}}],"line":32},"5":{"loc":{"start":{"line":33,"column":22},"end":{"line":33,"column":50}},"type":"cond-expr","locations":[{"start":{"line":33,"column":33},"end":{"line":33,"column":44}},{"start":{"line":33,"column":47},"end":{"line":33,"column":50}}],"line":33},"6":{"loc":{"start":{"line":36,"column":33},"end":{"line":36,"column":60}},"type":"cond-expr","locations":[{"start":{"line":36,"column":44},"end":{"line":36,"column":51}},{"start":{"line":36,"column":54},"end":{"line":36,"column":60}}],"line":36},"7":{"loc":{"start":{"line":51,"column":34},"end":{"line":51,"column":74}},"type":"cond-expr","locations":[{"start":{"line":51,"column":54},"end":{"line":51,"column":63}},{"start":{"line":51,"column":66},"end":{"line":51,"column":74}}],"line":51},"8":{"loc":{"start":{"line":60,"column":34},"end":{"line":60,"column":71}},"type":"cond-expr","locations":[{"start":{"line":60,"column":54},"end":{"line":60,"column":62}},{"start":{"line":60,"column":65},"end":{"line":60,"column":71}}],"line":60}},"s":{"0":1,"1":6,"2":6},"f":{"0":6},"b":{"0":[1],"1":[1,5],"2":[1,5],"3":[1,5],"4":[1,5],"5":[1,5],"6":[1,5],"7":[1,5],"8":[1,5]},"_coverageSchema":"1a1c01bbd47fc00a2c39e90264f33305004495a9","hash":"b111e109adedd2e8c65c40474a7f2cbe6dfa5b4d"}
,"/Users/yuvaanvithlani/dental_website/src/ui/BookAppointment.jsx": {"path":"/Users/yuvaanvithlani/dental_website/src/ui/BookAppointment.jsx","statementMap":{"0":{"start":{"line":6,"column":30},"end":{"line":48,"column":1}},"1":{"start":{"line":7,"column":38},"end":{"line":7,"column":53}},"2":{"start":{"line":9,"column":4},"end":{"line":47,"column":6}},"3":{"start":{"line":14,"column":32},"end":{"line":14,"column":50}},"4":{"start":{"line":15,"column":32},"end":{"line":15,"column":51}}},"fnMap":{"0":{"name":"(anonymous_0)","decl":{"start":{"line":6,"column":30},"end":{"line":6,"column":31}},"loc":{"start":{"line":6,"column":57},"end":{"line":48,"column":1}},"line":6},"1":{"name":"(anonymous_1)","decl":{"start":{"line":14,"column":26},"end":{"line":14,"column":27}},"loc":{"start":{"line":14,"column":32},"end":{"line":14,"column":50}},"line":14},"2":{"name":"(anonymous_2)","decl":{"start":{"line":15,"column":26},"end":{"line":15,"column":27}},"loc":{"start":{"line":15,"column":32},"end":{"line":15,"column":51}},"line":15}},"branchMap":{"0":{"loc":{"start":{"line":22,"column":26},"end":{"line":22,"column":54}},"type":"cond-expr","locations":[{"start":{"line":22,"column":37},"end":{"line":22,"column":43}},{"start":{"line":22,"column":46},"end":{"line":22,"column":54}}],"line":22},"1":{"loc":{"start":{"line":31,"column":27},"end":{"line":31,"column":65}},"type":"cond-expr","locations":[{"start":{"line":31,"column":39},"end":{"line":31,"column":52}},{"start":{"line":31,"column":55},"end":{"line":31,"column":65}}],"line":31}},"s":{"0":1,"1":9,"2":9,"3":1,"4":1},"f":{"0":9,"1":1,"2":1},"b":{"0":[1,8],"1":[1,8]},"_coverageSchema":"1a1c01bbd47fc00a2c39e90264f33305004495a9","hash":"b867651122ecb1c3da3f27089261c4484058cfaf"}
,"/Users/yuvaanvithlani/dental_website/src/ui/BookAppointmentBox.jsx": {"path":"/Users/yuvaanvithlani/dental_website/src/ui/BookAppointmentBox.jsx","statementMap":{"0":{"start":{"line":3,"column":27},"end":{"line":60,"column":1}},"1":{"start":{"line":4,"column":4},"end":{"line":59,"column":6}}},"fnMap":{"0":{"name":"(anonymous_0)","decl":{"start":{"line":3,"column":27},"end":{"line":3,"column":28}},"loc":{"start":{"line":3,"column":70},"end":{"line":60,"column":1}},"line":3}},"branchMap":{"0":{"loc":{"start":{"line":3,"column":43},"end":{"line":3,"column":54}},"type":"default-arg","locations":[{"start":{"line":3,"column":51},"end":{"line":3,"column":54}}],"line":3},"1":{"loc":{"start":{"line":20,"column":30},"end":{"line":20,"column":67}},"type":"cond-expr","locations":[{"start":{"line":20,"column":50},"end":{"line":20,"column":58}},{"start":{"line":20,"column":61},"end":{"line":20,"column":67}}],"line":20},"2":{"loc":{"start":{"line":21,"column":25},"end":{"line":21,"column":65}},"type":"cond-expr","locations":[{"start":{"line":21,"column":45},"end":{"line":21,"column":53}},{"start":{"line":21,"column":56},"end":{"line":21,"column":65}}],"line":21},"3":{"loc":{"start":{"line":27,"column":27},"end":{"line":27,"column":63}},"type":"cond-expr","locations":[{"start":{"line":27,"column":47},"end":{"line":27,"column":53}},{"start":{"line":27,"column":56},"end":{"line":27,"column":63}}],"line":27},"4":{"loc":{"start":{"line":28,"column":22},"end":{"line":28,"column":53}},"type":"cond-expr","locations":[{"start":{"line":28,"column":42},"end":{"line":28,"column":45}},{"start":{"line":28,"column":48},"end":{"line":28,"column":53}}],"line":28},"5":{"loc":{"start":{"line":33,"column":26},"end":{"line":33,"column":66}},"type":"cond-expr","locations":[{"start":{"line":33,"column":46},"end":{"line":33,"column":54}},{"start":{"line":33,"column":57},"end":{"line":33,"column":66}}],"line":33},"6":{"loc":{"start":{"line":42,"column":13},"end":{"line":57,"column":13}},"type":"binary-expr","locations":[{"start":{"line":42,"column":13},"end":{"line":42,"column":31}},{"start":{"line":43,"column":16},"end":{"line":56,"column":22}}],"line":42}},"s":{"0":1,"1":8},"f":{"0":8},"b":{"0":[7],"1":[1,7],"2":[1,7],"3":[1,7],"4":[1,7],"5":[1,7],"6":[8,7]},"_coverageSchema":"1a1c01bbd47fc00a2c39e90264f33305004495a9","hash":"15afa5ca7f4a930692155a615526c5af5309a47b"}
,"/Users/yuvaanvithlani/dental_website/src/ui/OpenNowBox.jsx": {"path":"/Users/yuvaanvithlani/dental_website/src/ui/OpenNowBox.jsx","statementMap":{"0":{"start":{"line":3,"column":19},"end":{"line":51,"column":1}},"1":{"start":{"line":4,"column":4},"end":{"line":50,"column":6}}},"fnMap":{"0":{"name":"(anonymous_0)","decl":{"start":{"line":3,"column":19},"end":{"line":3,"column":20}},"loc":{"start":{"line":3,"column":53},"end":{"line":51,"column":1}},"line":3}},"branchMap":{"0":{"loc":{"start":{"line":3,"column":35},"end":{"line":3,"column":46}},"type":"default-arg","locations":[{"start":{"line":3,"column":43},"end":{"line":3,"column":46}}],"line":3},"1":{"loc":{"start":{"line":12,"column":25},"end":{"line":12,"column":63}},"type":"cond-expr","locations":[{"start":{"line":12,"column":45},"end":{"line":12,"column":54}},{"start":{"line":12,"column":57},"end":{"line":12,"column":63}}],"line":12},"2":{"loc":{"start":{"line":15,"column":31},"end":{"line":15,"column":67}},"type":"cond-expr","locations":[{"start":{"line":15,"column":51},"end":{"line":15,"column":59}},{"start":{"line":15,"column":62},"end":{"line":15,"column":67}}],"line":15},"3":{"loc":{"start":{"line":20,"column":24},"end":{"line":20,"column":59}},"type":"cond-expr","locations":[{"start":{"line":20,"column":44},"end":{"line":20,"column":50}},{"start":{"line":20,"column":53},"end":{"line":20,"column":59}}],"line":20},"4":{"loc":{"start":{"line":21,"column":27},"end":{"line":21,"column":62}},"type":"cond-expr","locations":[{"start":{"line":21,"column":47},"end":{"line":21,"column":53}},{"start":{"line":21,"column":56},"end":{"line":21,"column":62}}],"line":21},"5":{"loc":{"start":{"line":26,"column":26},"end":{"line":26,"column":61}},"type":"cond-expr","locations":[{"start":{"line":26,"column":46},"end":{"line":26,"column":52}},{"start":{"line":26,"column":55},"end":{"line":26,"column":61}}],"line":26}},"s":{"0":1,"1":8},"f":{"0":8},"b":{"0":[7],"1":[1,7],"2":[1,7],"3":[1,7],"4":[1,7],"5":[1,7]},"_coverageSchema":"1a1c01bbd47fc00a2c39e90264f33305004495a9","hash":"a26bac0ca833bb52ddc1abbbcef9d1fadb1a3aee"}
,"/Users/yuvaanvithlani/dental_website/src/ui/TestimonialCard.jsx": {"path":"/Users/yuvaanvithlani/dental_website/src/ui/TestimonialCard.jsx","statementMap":{"0":{"start":{"line":5,"column":24},"end":{"line":152,"column":1}},"1":{"start":{"line":13,"column":21},"end":{"line":13,"column":38}},"2":{"start":{"line":14,"column":40},"end":{"line":14,"column":55}},"3":{"start":{"line":17,"column":22},"end":{"line":17,"column":25}},"4":{"start":{"line":18,"column":27},"end":{"line":18,"column":50}},"5":{"start":{"line":19,"column":24},"end":{"line":21,"column":14}},"6":{"start":{"line":24,"column":24},"end":{"line":34,"column":5}},"7":{"start":{"line":25,"column":8},"end":{"line":33,"column":11}},"8":{"start":{"line":26,"column":12},"end":{"line":32,"column":14}},"9":{"start":{"line":36,"column":4},"end":{"line":151,"column":6}},"10":{"start":{"line":101,"column":39},"end":{"line":101,"column":65}}},"fnMap":{"0":{"name":"(anonymous_0)","decl":{"start":{"line":5,"column":24},"end":{"line":5,"column":25}},"loc":{"start":{"line":12,"column":6},"end":{"line":152,"column":1}},"line":12},"1":{"name":"(anonymous_1)","decl":{"start":{"line":24,"column":24},"end":{"line":24,"column":25}},"loc":{"start":{"line":24,"column":30},"end":{"line":34,"column":5}},"line":24},"2":{"name":"(anonymous_2)","decl":{"start":{"line":25,"column":41},"end":{"line":25,"column":42}},"loc":{"start":{"line":26,"column":12},"end":{"line":32,"column":14}},"line":26},"3":{"name":"(anonymous_3)","decl":{"start":{"line":101,"column":33},"end":{"line":101,"column":34}},"loc":{"start":{"line":101,"column":39},"end":{"line":101,"column":65}},"line":101}},"branchMap":{"0":{"loc":{"start":{"line":11,"column":4},"end":{"line":11,"column":15}},"type":"default-arg","locations":[{"start":{"line":11,"column":12},"end":{"line":11,"column":15}}],"line":11},"1":{"loc":{"start":{"line":19,"column":24},"end":{"line":21,"column":14}},"type":"cond-expr","locations":[{"start":{"line":20,"column":10},"end":{"line":20,"column":46}},{"start":{"line":21,"column":10},"end":{"line":21,"column":14}}],"line":19},"2":{"loc":{"start":{"line":19,"column":24},"end":{"line":19,"column":53}},"type":"binary-expr","locations":[{"start":{"line":19,"column":24},"end":{"line":19,"column":38}},{"start":{"line":19,"column":42},"end":{"line":19,"column":53}}],"line":19},"3":{"loc":{"start":{"line":29,"column":27},"end":{"line":29,"column":65}},"type":"cond-expr","locations":[{"start":{"line":29,"column":44},"end":{"line":29,"column":53}},{"start":{"line":29,"column":56},"end":{"line":29,"column":65}}],"line":29},"4":{"loc":{"start":{"line":57,"column":23},"end":{"line":57,"column":51}},"type":"cond-expr","locations":[{"start":{"line":57,"column":34},"end":{"line":57,"column":41}},{"start":{"line":57,"column":44},"end":{"line":57,"column":51}}],"line":57},"5":{"loc":{"start":{"line":58,"column":26},"end":{"line":58,"column":54}},"type":"cond-expr","locations":[{"start":{"line":58,"column":37},"end":{"line":58,"column":44}},{"start":{"line":58,"column":47},"end":{"line":58,"column":54}}],"line":58},"6":{"loc":{"start":{"line":59,"column":26},"end":{"line":59,"column":54}},"type":"cond-expr","locations":[{"start":{"line":59,"column":37},"end":{"line":59,"column":44}},{"start":{"line":59,"column":47},"end":{"line":59,"column":54}}],"line":59},"7":{"loc":{"start":{"line":60,"column":27},"end":{"line":60,"column":56}},"type":"cond-expr","locations":[{"start":{"line":60,"column":40},"end":{"line":60,"column":46}},{"start":{"line":60,"column":49},"end":{"line":60,"column":56}}],"line":60},"8":{"loc":{"start":{"line":61,"column":22},"end":{"line":61,"column":58}},"type":"cond-expr","locations":[{"start":{"line":61,"column":33},"end":{"line":61,"column":44}},{"start":{"line":61,"column":47},"end":{"line":61,"column":58}}],"line":61},"9":{"loc":{"start":{"line":63,"column":33},"end":{"line":63,"column":60}},"type":"cond-expr","locations":[{"start":{"line":63,"column":44},"end":{"line":63,"column":51}},{"start":{"line":63,"column":54},"end":{"line":63,"column":60}}],"line":63},"10":{"loc":{"start":{"line":90,"column":30},"end":{"line":90,"column":68}},"type":"cond-expr","locations":[{"start":{"line":90,"column":50},"end":{"line":90,"column":59}},{"start":{"line":90,"column":62},"end":{"line":90,"column":68}}],"line":90},"11":{"loc":{"start":{"line":99,"column":17},"end":{"line":116,"column":17}},"type":"binary-expr","locations":[{"start":{"line":99,"column":17},"end":{"line":99,"column":31}},{"start":{"line":100,"column":20},"end":{"line":115,"column":29}}],"line":99},"12":{"loc":{"start":{"line":114,"column":25},"end":{"line":114,"column":63}},"type":"cond-expr","locations":[{"start":{"line":114,"column":38},"end":{"line":114,"column":49}},{"start":{"line":114,"column":52},"end":{"line":114,"column":63}}],"line":114},"13":{"loc":{"start":{"line":139,"column":34},"end":{"line":139,"column":71}},"type":"cond-expr","locations":[{"start":{"line":139,"column":54},"end":{"line":139,"column":60}},{"start":{"line":139,"column":63},"end":{"line":139,"column":71}}],"line":139}},"s":{"0":1,"1":3,"2":3,"3":3,"4":3,"5":3,"6":3,"7":3,"8":15,"9":3,"10":0},"f":{"0":3,"1":3,"2":15,"3":0},"b":{"0":[0],"1":[0,3],"2":[3,0],"3":[14,1],"4":[1,2],"5":[1,2],"6":[1,2],"7":[0,3],"8":[1,2],"9":[1,2],"10":[1,2],"11":[3,0],"12":[0,0],"13":[1,2]},"_coverageSchema":"1a1c01bbd47fc00a2c39e90264f33305004495a9","hash":"a131b3ffcda1f74cfd2a96e0759d3181141d7b7e"}
,"/Users/yuvaanvithlani/dental_website/src/ui/WhyChooseUsBox.jsx": {"path":"/Users/yuvaanvithlani/dental_website/src/ui/WhyChooseUsBox.jsx","statementMap":{"0":{"start":{"line":3,"column":23},"end":{"line":34,"column":1}},"1":{"start":{"line":4,"column":4},"end":{"line":33,"column":6}}},"fnMap":{"0":{"name":"(anonymous_0)","decl":{"start":{"line":3,"column":23},"end":{"line":3,"column":24}},"loc":{"start":{"line":3,"column":44},"end":{"line":34,"column":1}},"line":3}},"branchMap":{"0":{"loc":{"start":{"line":19,"column":21},"end":{"line":19,"column":58}},"type":"cond-expr","locations":[{"start":{"line":19,"column":41},"end":{"line":19,"column":47}},{"start":{"line":19,"column":50},"end":{"line":19,"column":58}}],"line":19},"1":{"loc":{"start":{"line":20,"column":22},"end":{"line":20,"column":59}},"type":"cond-expr","locations":[{"start":{"line":20,"column":42},"end":{"line":20,"column":48}},{"start":{"line":20,"column":51},"end":{"line":20,"column":59}}],"line":20},"2":{"loc":{"start":{"line":26,"column":26},"end":{"line":26,"column":63}},"type":"cond-expr","locations":[{"start":{"line":26,"column":46},"end":{"line":26,"column":54}},{"start":{"line":26,"column":57},"end":{"line":26,"column":63}}],"line":26}},"s":{"0":1,"1":5},"f":{"0":5},"b":{"0":[1,4],"1":[1,4],"2":[1,4]},"_coverageSchema":"1a1c01bbd47fc00a2c39e90264f33305004495a9","hash":"b037e7b1b7b72dd0767af91b9adbb589e4f0d8fc"}
,"/Users/yuvaanvithlani/dental_website/src/ui/WorkingHours.jsx": {"path":"/Users/yuvaanvithlani/dental_website/src/ui/WorkingHours.jsx","statementMap":{"0":{"start":{"line":2,"column":32},"end":{"line":11,"column":1}},"1":{"start":{"line":14,"column":36},"end":{"line":17,"column":1}},"2":{"start":{"line":20,"column":21},"end":{"line":70,"column":1}},"3":{"start":{"line":21,"column":2},"end":{"line":31,"column":3}},"4":{"start":{"line":22,"column":4},"end":{"line":30,"column":6}},"5":{"start":{"line":25,"column":10},"end":{"line":27,"column":16}},"6":{"start":{"line":34,"column":19},"end":{"line":34,"column":51}},"7":{"start":{"line":36,"column":2},"end":{"line":69,"column":4}}},"fnMap":{"0":{"name":"(anonymous_0)","decl":{"start":{"line":20,"column":21},"end":{"line":20,"column":22}},"loc":{"start":{"line":20,"column":89},"end":{"line":70,"column":1}},"line":20},"1":{"name":"(anonymous_1)","decl":{"start":{"line":24,"column":34},"end":{"line":24,"column":35}},"loc":{"start":{"line":25,"column":10},"end":{"line":27,"column":16}},"line":25}},"branchMap":{"0":{"loc":{"start":{"line":20,"column":24},"end":{"line":20,"column":41}},"type":"default-arg","locations":[{"start":{"line":20,"column":33},"end":{"line":20,"column":41}}],"line":20},"1":{"loc":{"start":{"line":20,"column":43},"end":{"line":20,"column":57}},"type":"default-arg","locations":[{"start":{"line":20,"column":55},"end":{"line":20,"column":57}}],"line":20},"2":{"loc":{"start":{"line":20,"column":59},"end":{"line":20,"column":69}},"type":"default-arg","locations":[{"start":{"line":20,"column":67},"end":{"line":20,"column":69}}],"line":20},"3":{"loc":{"start":{"line":21,"column":2},"end":{"line":31,"column":3}},"type":"if","locations":[{"start":{"line":21,"column":2},"end":{"line":31,"column":3}},{"start":{},"end":{}}],"line":21},"4":{"loc":{"start":{"line":34,"column":19},"end":{"line":34,"column":51}},"type":"binary-expr","locations":[{"start":{"line":34,"column":19},"end":{"line":34,"column":30}},{"start":{"line":34,"column":34},"end":{"line":34,"column":51}}],"line":34},"5":{"loc":{"start":{"line":38,"column":34},"end":{"line":38,"column":65}},"type":"cond-expr","locations":[{"start":{"line":38,"column":45},"end":{"line":38,"column":54}},{"start":{"line":38,"column":57},"end":{"line":38,"column":65}}],"line":38},"6":{"loc":{"start":{"line":40,"column":19},"end":{"line":40,"column":46}},"type":"cond-expr","locations":[{"start":{"line":40,"column":30},"end":{"line":40,"column":37}},{"start":{"line":40,"column":40},"end":{"line":40,"column":46}}],"line":40},"7":{"loc":{"start":{"line":41,"column":26},"end":{"line":41,"column":67}},"type":"cond-expr","locations":[{"start":{"line":41,"column":37},"end":{"line":41,"column":49}},{"start":{"line":41,"column":52},"end":{"line":41,"column":67}}],"line":41},"8":{"loc":{"start":{"line":42,"column":22},"end":{"line":42,"column":56}},"type":"cond-expr","locations":[{"start":{"line":42,"column":33},"end":{"line":42,"column":45}},{"start":{"line":42,"column":48},"end":{"line":42,"column":56}}],"line":42},"9":{"loc":{"start":{"line":46,"column":22},"end":{"line":46,"column":48}},"type":"cond-expr","locations":[{"start":{"line":46,"column":33},"end":{"line":46,"column":40}},{"start":{"line":46,"column":43},"end":{"line":46,"column":48}}],"line":46},"10":{"loc":{"start":{"line":48,"column":23},"end":{"line":48,"column":48}},"type":"cond-expr","locations":[{"start":{"line":48,"column":34},"end":{"line":48,"column":42}},{"start":{"line":48,"column":45},"end":{"line":48,"column":48}}],"line":48},"11":{"loc":{"start":{"line":55,"column":19},"end":{"line":55,"column":46}},"type":"cond-expr","locations":[{"start":{"line":55,"column":30},"end":{"line":55,"column":37}},{"start":{"line":55,"column":40},"end":{"line":55,"column":46}}],"line":55},"12":{"loc":{"start":{"line":56,"column":26},"end":{"line":56,"column":67}},"type":"cond-expr","locations":[{"start":{"line":56,"column":37},"end":{"line":56,"column":49}},{"start":{"line":56,"column":52},"end":{"line":56,"column":67}}],"line":56},"13":{"loc":{"start":{"line":57,"column":22},"end":{"line":57,"column":56}},"type":"cond-expr","locations":[{"start":{"line":57,"column":33},"end":{"line":57,"column":45}},{"start":{"line":57,"column":48},"end":{"line":57,"column":56}}],"line":57},"14":{"loc":{"start":{"line":61,"column":22},"end":{"line":61,"column":49}},"type":"cond-expr","locations":[{"start":{"line":61,"column":33},"end":{"line":61,"column":41}},{"start":{"line":61,"column":44},"end":{"line":61,"column":49}}],"line":61},"15":{"loc":{"start":{"line":63,"column":23},"end":{"line":63,"column":48}},"type":"cond-expr","locations":[{"start":{"line":63,"column":34},"end":{"line":63,"column":42}},{"start":{"line":63,"column":45},"end":{"line":63,"column":48}}],"line":63}},"s":{"0":1,"1":1,"2":1,"3":10,"4":0,"5":0,"6":10,"7":10},"f":{"0":10,"1":0},"b":{"0":[10],"1":[10],"2":[0],"3":[0,10],"4":[10,10],"5":[1,9],"6":[1,9],"7":[1,9],"8":[1,9],"9":[1,9],"10":[1,9],"11":[1,9],"12":[1,9],"13":[1,9],"14":[1,9],"15":[1,9]},"_coverageSchema":"1a1c01bbd47fc00a2c39e90264f33305004495a9","hash":"43c35c6484a5f20586b9751e9c7247f1826c35f3"}
,"/Users/yuvaanvithlani/dental_website/src/ui/WorkingHoursBox.jsx": {"path":"/Users/yuvaanvithlani/dental_website/src/ui/WorkingHoursBox.jsx","statementMap":{"0":{"start":{"line":4,"column":24},"end":{"line":42,"column":1}},"1":{"start":{"line":5,"column":4},"end":{"line":41,"column":6}}},"fnMap":{"0":{"name":"(anonymous_0)","decl":{"start":{"line":4,"column":24},"end":{"line":4,"column":25}},"loc":{"start":{"line":4,"column":58},"end":{"line":42,"column":1}},"line":4}},"branchMap":{"0":{"loc":{"start":{"line":4,"column":40},"end":{"line":4,"column":51}},"type":"default-arg","locations":[{"start":{"line":4,"column":48},"end":{"line":4,"column":51}}],"line":4},"1":{"loc":{"start":{"line":13,"column":25},"end":{"line":13,"column":65}},"type":"cond-expr","locations":[{"start":{"line":13,"column":45},"end":{"line":13,"column":53}},{"start":{"line":13,"column":56},"end":{"line":13,"column":65}}],"line":13},"2":{"loc":{"start":{"line":14,"column":31},"end":{"line":14,"column":69}},"type":"cond-expr","locations":[{"start":{"line":14,"column":51},"end":{"line":14,"column":60}},{"start":{"line":14,"column":63},"end":{"line":14,"column":69}}],"line":14},"3":{"loc":{"start":{"line":17,"column":24},"end":{"line":17,"column":59}},"type":"cond-expr","locations":[{"start":{"line":17,"column":44},"end":{"line":17,"column":50}},{"start":{"line":17,"column":53},"end":{"line":17,"column":59}}],"line":17},"4":{"loc":{"start":{"line":18,"column":27},"end":{"line":18,"column":64}},"type":"cond-expr","locations":[{"start":{"line":18,"column":47},"end":{"line":18,"column":54}},{"start":{"line":18,"column":57},"end":{"line":18,"column":64}}],"line":18},"5":{"loc":{"start":{"line":24,"column":26},"end":{"line":24,"column":65}},"type":"cond-expr","locations":[{"start":{"line":24,"column":46},"end":{"line":24,"column":54}},{"start":{"line":24,"column":57},"end":{"line":24,"column":65}}],"line":24},"6":{"loc":{"start":{"line":35,"column":30},"end":{"line":35,"column":70}},"type":"cond-expr","locations":[{"start":{"line":35,"column":50},"end":{"line":35,"column":58}},{"start":{"line":35,"column":61},"end":{"line":35,"column":70}}],"line":35}},"s":{"0":1,"1":10},"f":{"0":10},"b":{"0":[9],"1":[1,9],"2":[1,9],"3":[1,9],"4":[1,9],"5":[1,9],"6":[1,9]},"_coverageSchema":"1a1c01bbd47fc00a2c39e90264f33305004495a9","hash":"7a5c227a123568b67fff0b132b541c11c18d84a1"}
}
