TN:
SF:src/sections/About.jsx
FN:6,(anonymous_0)
FN:10,(anonymous_1)
FN:11,(anonymous_2)
FN:16,(anonymous_3)
FNF:4
FNH:3
FNDA:7,(anonymous_0)
FNDA:7,(anonymous_1)
FNDA:0,(anonymous_2)
FNDA:7,(anonymous_3)
DA:6,1
DA:7,7
DA:10,7
DA:11,7
DA:12,0
DA:15,7
DA:16,7
DA:17,7
DA:21,7
DA:23,7
LF:10
LH:9
BRDA:25,0,0,1
BRDA:25,0,1,6
BRDA:35,1,0,1
BRDA:35,1,1,6
BRDA:37,2,0,1
BRDA:37,2,1,6
BRDA:42,3,0,1
BRDA:42,3,1,6
BRDA:55,4,0,1
BRDA:55,4,1,6
BRDA:69,5,0,1
BRDA:69,5,1,6
BRDA:70,6,0,1
BRDA:70,6,1,6
BRDA:71,7,0,1
BRDA:71,7,1,6
BRDA:76,8,0,1
BRDA:76,8,1,6
BRDA:77,9,0,1
BRDA:77,9,1,6
BRDA:84,10,0,1
BRDA:84,10,1,6
BRDA:100,11,0,1
BRDA:100,11,1,6
BRDA:114,12,0,1
BRDA:114,12,1,6
BRDA:115,13,0,1
BRDA:115,13,1,6
BRDA:122,14,0,1
BRDA:122,14,1,6
BRDA:139,15,0,1
BRDA:139,15,1,6
BRDA:140,16,0,1
BRDA:140,16,1,6
BRDA:141,17,0,1
BRDA:141,17,1,6
BRDA:142,18,0,1
BRDA:142,18,1,6
BRDA:147,19,0,1
BRDA:147,19,1,6
BRDA:148,20,0,1
BRDA:148,20,1,6
BRDA:149,21,0,1
BRDA:149,21,1,6
BRDA:150,22,0,1
BRDA:150,22,1,6
BRDA:151,23,0,1
BRDA:151,23,1,6
BRDA:154,24,0,1
BRDA:154,24,1,6
BRDA:155,25,0,1
BRDA:155,25,1,6
BRF:52
BRH:52
end_of_record
TN:
SF:src/sections/Hero.jsx
FN:6,(anonymous_0)
FN:10,(anonymous_1)
FN:11,(anonymous_2)
FN:16,(anonymous_3)
FNF:4
FNH:3
FNDA:6,(anonymous_0)
FNDA:6,(anonymous_1)
FNDA:0,(anonymous_2)
FNDA:6,(anonymous_3)
DA:6,1
DA:7,6
DA:10,6
DA:11,6
DA:12,0
DA:15,6
DA:16,6
DA:17,6
DA:22,6
DA:23,6
DA:25,6
LF:11
LH:10
BRDA:22,0,0,1
BRDA:22,0,1,5
BRDA:23,1,0,1
BRDA:23,1,1,5
BRDA:27,2,0,1
BRDA:27,2,1,5
BRDA:28,3,0,1
BRDA:28,3,1,5
BRDA:31,4,0,1
BRDA:31,4,1,5
BRDA:39,5,0,1
BRDA:39,5,1,5
BRDA:41,6,0,1
BRDA:41,6,1,5
BRDA:42,7,0,1
BRDA:42,7,1,5
BRDA:43,8,0,1
BRDA:43,8,1,5
BRDA:47,9,0,1
BRDA:47,9,1,5
BRDA:50,10,0,1
BRDA:50,10,1,5
BRDA:55,11,0,1
BRDA:55,11,1,5
BRDA:61,12,0,1
BRDA:61,12,1,5
BRDA:64,13,0,1
BRDA:64,13,1,5
BRDA:66,14,0,1
BRDA:66,14,1,5
BRDA:69,15,0,1
BRDA:69,15,1,5
BRDA:83,16,0,1
BRDA:83,16,1,5
BRDA:99,17,0,1
BRDA:99,17,1,5
BRDA:111,18,0,6
BRDA:111,18,1,5
BRDA:130,19,0,1
BRDA:130,19,1,5
BRDA:133,20,0,1
BRDA:133,20,1,5
BRDA:164,21,0,6
BRDA:164,21,1,1
BRF:44
BRH:44
end_of_record
TN:
SF:src/sections/Testimonials.jsx
FN:6,(anonymous_0)
FN:10,(anonymous_1)
FN:11,(anonymous_2)
FN:16,(anonymous_3)
FN:197,(anonymous_4)
FN:198,(anonymous_5)
FN:199,(anonymous_6)
FN:258,(anonymous_7)
FNF:8
FNH:2
FNDA:13,(anonymous_0)
FNDA:0,(anonymous_1)
FNDA:0,(anonymous_2)
FNDA:0,(anonymous_3)
FNDA:0,(anonymous_4)
FNDA:0,(anonymous_5)
FNDA:0,(anonymous_6)
FNDA:72,(anonymous_7)
DA:6,1
DA:7,13
DA:8,12
DA:10,12
DA:11,0
DA:12,0
DA:15,0
DA:16,0
DA:17,0
DA:21,12
DA:24,12
DA:74,12
DA:197,0
DA:198,0
DA:199,0
DA:259,72
LF:16
LH:8
BRDA:76,0,0,0
BRDA:76,0,1,12
BRDA:86,1,0,0
BRDA:86,1,1,12
BRDA:88,2,0,0
BRDA:88,2,1,12
BRDA:93,3,0,0
BRDA:93,3,1,12
BRDA:113,4,0,0
BRDA:113,4,1,12
BRDA:114,5,0,0
BRDA:114,5,1,12
BRDA:120,6,0,0
BRDA:120,6,1,12
BRDA:131,7,0,0
BRDA:131,7,1,12
BRDA:132,8,0,0
BRDA:132,8,1,12
BRDA:133,9,0,0
BRDA:133,9,1,12
BRDA:134,10,0,0
BRDA:134,10,1,12
BRDA:142,11,0,0
BRDA:142,11,1,12
BRDA:148,12,0,0
BRDA:148,12,1,12
BRDA:149,13,0,0
BRDA:149,13,1,12
BRDA:157,14,0,0
BRDA:157,14,1,12
BRDA:167,15,0,0
BRDA:167,15,1,12
BRDA:182,16,0,0
BRDA:182,16,1,12
BRDA:205,17,0,0
BRDA:205,17,1,12
BRDA:214,18,0,0
BRDA:214,18,1,12
BRDA:238,19,0,0
BRDA:238,19,1,12
BRDA:239,20,0,0
BRDA:239,20,1,12
BRDA:240,21,0,0
BRDA:240,21,1,12
BRDA:241,22,0,0
BRDA:241,22,1,12
BRDA:248,23,0,0
BRDA:248,23,1,12
BRDA:254,24,0,0
BRDA:254,24,1,12
BRF:50
BRH:25
end_of_record
TN:
SF:src/ui/AboutCard.jsx
FN:3,(anonymous_0)
FNF:1
FNH:1
FNDA:6,(anonymous_0)
DA:3,1
DA:4,6
DA:6,6
LF:3
LH:3
BRDA:3,0,0,1
BRDA:29,1,0,1
BRDA:29,1,1,5
BRDA:30,2,0,1
BRDA:30,2,1,5
BRDA:31,3,0,1
BRDA:31,3,1,5
BRDA:32,4,0,1
BRDA:32,4,1,5
BRDA:33,5,0,1
BRDA:33,5,1,5
BRDA:36,6,0,1
BRDA:36,6,1,5
BRDA:51,7,0,1
BRDA:51,7,1,5
BRDA:60,8,0,1
BRDA:60,8,1,5
BRF:17
BRH:17
end_of_record
TN:
SF:src/ui/BookAppointment.jsx
FN:6,(anonymous_0)
FN:14,(anonymous_1)
FN:15,(anonymous_2)
FNF:3
FNH:3
FNDA:9,(anonymous_0)
FNDA:1,(anonymous_1)
FNDA:1,(anonymous_2)
DA:6,1
DA:7,9
DA:9,9
DA:14,1
DA:15,1
LF:5
LH:5
BRDA:22,0,0,1
BRDA:22,0,1,8
BRDA:31,1,0,1
BRDA:31,1,1,8
BRF:4
BRH:4
end_of_record
TN:
SF:src/ui/BookAppointmentBox.jsx
FN:3,(anonymous_0)
FNF:1
FNH:1
FNDA:8,(anonymous_0)
DA:3,1
DA:4,8
LF:2
LH:2
BRDA:3,0,0,7
BRDA:20,1,0,1
BRDA:20,1,1,7
BRDA:21,2,0,1
BRDA:21,2,1,7
BRDA:27,3,0,1
BRDA:27,3,1,7
BRDA:28,4,0,1
BRDA:28,4,1,7
BRDA:33,5,0,1
BRDA:33,5,1,7
BRDA:42,6,0,8
BRDA:42,6,1,7
BRF:13
BRH:13
end_of_record
TN:
SF:src/ui/OpenNowBox.jsx
FN:3,(anonymous_0)
FNF:1
FNH:1
FNDA:8,(anonymous_0)
DA:3,1
DA:4,8
LF:2
LH:2
BRDA:3,0,0,7
BRDA:12,1,0,1
BRDA:12,1,1,7
BRDA:15,2,0,1
BRDA:15,2,1,7
BRDA:20,3,0,1
BRDA:20,3,1,7
BRDA:21,4,0,1
BRDA:21,4,1,7
BRDA:26,5,0,1
BRDA:26,5,1,7
BRF:11
BRH:11
end_of_record
TN:
SF:src/ui/TestimonialCard.jsx
FN:5,(anonymous_0)
FN:24,(anonymous_1)
FN:25,(anonymous_2)
FN:101,(anonymous_3)
FNF:4
FNH:3
FNDA:3,(anonymous_0)
FNDA:3,(anonymous_1)
FNDA:15,(anonymous_2)
FNDA:0,(anonymous_3)
DA:5,1
DA:13,3
DA:14,3
DA:17,3
DA:18,3
DA:19,3
DA:24,3
DA:25,3
DA:26,15
DA:36,3
DA:101,0
LF:11
LH:10
BRDA:11,0,0,0
BRDA:19,1,0,0
BRDA:19,1,1,3
BRDA:19,2,0,3
BRDA:19,2,1,0
BRDA:29,3,0,14
BRDA:29,3,1,1
BRDA:57,4,0,1
BRDA:57,4,1,2
BRDA:58,5,0,1
BRDA:58,5,1,2
BRDA:59,6,0,1
BRDA:59,6,1,2
BRDA:60,7,0,0
BRDA:60,7,1,3
BRDA:61,8,0,1
BRDA:61,8,1,2
BRDA:63,9,0,1
BRDA:63,9,1,2
BRDA:90,10,0,1
BRDA:90,10,1,2
BRDA:99,11,0,3
BRDA:99,11,1,0
BRDA:114,12,0,0
BRDA:114,12,1,0
BRDA:139,13,0,1
BRDA:139,13,1,2
BRF:27
BRH:20
end_of_record
TN:
SF:src/ui/WhyChooseUsBox.jsx
FN:3,(anonymous_0)
FNF:1
FNH:1
FNDA:5,(anonymous_0)
DA:3,1
DA:4,5
LF:2
LH:2
BRDA:19,0,0,1
BRDA:19,0,1,4
BRDA:20,1,0,1
BRDA:20,1,1,4
BRDA:26,2,0,1
BRDA:26,2,1,4
BRF:6
BRH:6
end_of_record
TN:
SF:src/ui/WorkingHours.jsx
FN:20,(anonymous_0)
FN:24,(anonymous_1)
FNF:2
FNH:1
FNDA:10,(anonymous_0)
FNDA:0,(anonymous_1)
DA:2,1
DA:14,1
DA:20,1
DA:21,10
DA:22,0
DA:25,0
DA:34,10
DA:36,10
LF:8
LH:6
BRDA:20,0,0,10
BRDA:20,1,0,10
BRDA:20,2,0,0
BRDA:21,3,0,0
BRDA:21,3,1,10
BRDA:34,4,0,10
BRDA:34,4,1,10
BRDA:38,5,0,1
BRDA:38,5,1,9
BRDA:40,6,0,1
BRDA:40,6,1,9
BRDA:41,7,0,1
BRDA:41,7,1,9
BRDA:42,8,0,1
BRDA:42,8,1,9
BRDA:46,9,0,1
BRDA:46,9,1,9
BRDA:48,10,0,1
BRDA:48,10,1,9
BRDA:55,11,0,1
BRDA:55,11,1,9
BRDA:56,12,0,1
BRDA:56,12,1,9
BRDA:57,13,0,1
BRDA:57,13,1,9
BRDA:61,14,0,1
BRDA:61,14,1,9
BRDA:63,15,0,1
BRDA:63,15,1,9
BRF:29
BRH:27
end_of_record
TN:
SF:src/ui/WorkingHoursBox.jsx
FN:4,(anonymous_0)
FNF:1
FNH:1
FNDA:10,(anonymous_0)
DA:4,1
DA:5,10
LF:2
LH:2
BRDA:4,0,0,9
BRDA:13,1,0,1
BRDA:13,1,1,9
BRDA:14,2,0,1
BRDA:14,2,1,9
BRDA:17,3,0,1
BRDA:17,3,1,9
BRDA:18,4,0,1
BRDA:18,4,1,9
BRDA:24,5,0,1
BRDA:24,5,1,9
BRDA:35,6,0,1
BRDA:35,6,1,9
BRF:13
BRH:13
end_of_record
