TN:
SF:src/App.jsx
FN:5,App
FNF:1
FNH:1
FNDA:4,App
DA:6,4
LF:1
LH:1
BRF:0
BRH:0
end_of_record
TN:
SF:src/components/Hero.jsx
FN:6,(anonymous_0)
FN:10,(anonymous_1)
FN:11,(anonymous_2)
FN:16,(anonymous_3)
FNF:4
FNH:3
FNDA:10,(anonymous_0)
FNDA:10,(anonymous_1)
FNDA:0,(anonymous_2)
FNDA:10,(anonymous_3)
DA:6,2
DA:7,10
DA:10,10
DA:11,10
DA:12,0
DA:15,10
DA:16,10
DA:17,10
DA:22,10
DA:24,10
LF:10
LH:9
BRDA:22,0,0,1
BRDA:22,0,1,9
BRDA:26,1,0,1
BRDA:26,1,1,9
BRDA:36,2,0,1
BRDA:36,2,1,9
BRDA:38,3,0,1
BRDA:38,3,1,9
BRDA:43,4,0,1
BRDA:43,4,1,9
BRDA:50,5,0,1
BRDA:50,5,1,9
BRDA:61,6,0,1
BRDA:61,6,1,9
BRDA:78,7,0,1
BRDA:78,7,1,9
BRDA:94,8,0,1
BRDA:94,8,1,9
BRDA:123,9,0,1
BRDA:123,9,1,9
BRDA:126,10,0,1
BRDA:126,10,1,9
BRDA:133,11,0,1
BRDA:133,11,1,9
BRDA:134,12,0,1
BRDA:134,12,1,9
BRF:26
BRH:26
end_of_record
TN:
SF:src/components/Navbar.jsx
FN:7,(anonymous_0)
FN:12,(anonymous_1)
FN:13,(anonymous_2)
FN:18,(anonymous_3)
FN:75,(anonymous_4)
FN:75,(anonymous_5)
FN:149,(anonymous_6)
FN:169,(anonymous_7)
FN:173,(anonymous_8)
FN:182,(anonymous_9)
FNF:10
FNH:5
FNDA:4,(anonymous_0)
FNDA:4,(anonymous_1)
FNDA:0,(anonymous_2)
FNDA:4,(anonymous_3)
FNDA:16,(anonymous_4)
FNDA:16,(anonymous_5)
FNDA:0,(anonymous_6)
FNDA:0,(anonymous_7)
FNDA:0,(anonymous_8)
FNDA:0,(anonymous_9)
DA:7,1
DA:8,4
DA:9,4
DA:12,4
DA:13,4
DA:14,0
DA:17,4
DA:18,4
DA:19,4
DA:25,4
DA:32,4
DA:75,16
DA:76,16
DA:149,0
DA:170,0
DA:173,0
DA:182,0
LF:17
LH:12
BRDA:45,0,0,0
BRDA:45,0,1,4
BRDA:46,1,0,0
BRDA:46,1,1,0
BRDA:47,2,0,0
BRDA:47,2,1,4
BRDA:62,3,0,4
BRDA:62,3,1,4
BRDA:152,4,0,0
BRDA:152,4,1,4
BRDA:160,5,0,4
BRDA:160,5,1,0
BRF:12
BRH:6
end_of_record
TN:
SF:src/ui/BookAppointmentBox.jsx
FN:3,(anonymous_0)
FNF:1
FNH:1
FNDA:4,(anonymous_0)
DA:3,1
DA:4,4
LF:2
LH:2
BRDA:3,0,0,0
BRDA:11,1,0,0
BRDA:11,1,1,4
BRDA:12,2,0,0
BRDA:12,2,1,4
BRDA:18,3,0,0
BRDA:18,3,1,4
BRDA:19,4,0,0
BRDA:19,4,1,4
BRDA:24,5,0,0
BRDA:24,5,1,4
BRF:11
BRH:5
end_of_record
TN:
SF:src/ui/InfoBoxContainer.jsx
FN:6,(anonymous_0)
FN:10,(anonymous_1)
FN:11,(anonymous_2)
FN:16,(anonymous_3)
FNF:4
FNH:3
FNDA:4,(anonymous_0)
FNDA:4,(anonymous_1)
FNDA:0,(anonymous_2)
FNDA:4,(anonymous_3)
DA:6,1
DA:7,4
DA:10,4
DA:11,4
DA:12,0
DA:15,4
DA:16,4
DA:17,4
DA:21,4
LF:9
LH:8
BRDA:24,0,0,0
BRDA:24,0,1,4
BRDA:25,1,0,0
BRDA:25,1,1,4
BRDA:28,2,0,0
BRDA:28,2,1,4
BRDA:31,3,0,4
BRDA:31,3,1,0
BRDA:45,4,0,0
BRDA:45,4,1,4
BRDA:46,5,0,0
BRDA:46,5,1,4
BRDA:48,6,0,0
BRDA:48,6,1,4
BRDA:49,7,0,0
BRDA:49,7,1,4
BRDA:53,8,0,4
BRDA:53,8,1,4
BRF:18
BRH:10
end_of_record
TN:
SF:src/ui/OpenNowBox.jsx
FN:3,(anonymous_0)
FNF:1
FNH:1
FNDA:4,(anonymous_0)
DA:3,1
DA:4,4
LF:2
LH:2
BRDA:3,0,0,0
BRDA:12,1,0,0
BRDA:12,1,1,4
BRDA:19,2,0,0
BRDA:19,2,1,4
BRDA:41,3,0,0
BRDA:41,3,1,4
BRF:7
BRH:3
end_of_record
TN:
SF:src/ui/WorkingHoursBox.jsx
FN:3,(anonymous_0)
FNF:1
FNH:1
FNDA:4,(anonymous_0)
DA:3,1
DA:4,4
LF:2
LH:2
BRDA:3,0,0,0
BRDA:12,1,0,0
BRDA:12,1,1,4
BRDA:13,2,0,0
BRDA:13,2,1,4
BRDA:16,3,0,0
BRDA:16,3,1,4
BRDA:22,4,0,0
BRDA:22,4,1,4
BRDA:31,5,0,0
BRDA:31,5,1,4
BRF:11
BRH:5
end_of_record
